#
# There is insufficient memory for the Java Runtime Environment to continue.
# Native memory allocation (malloc) failed to allocate 32744 bytes. Error detail: Chunk::new
# Possible reasons:
#   The system is out of physical RAM or swap space
#   This process is running with CompressedOops enabled, and the Java Heap may be blocking the growth of the native heap
# Possible solutions:
#   Reduce memory load on the system
#   Increase physical memory or swap space
#   Check if swap backing store is full
#   Decrease Java heap size (-Xmx/-Xms)
#   Decrease number of Java threads
#   Decrease Java thread stack sizes (-Xss)
#   Set larger code cache with -XX:ReservedCodeCacheSize=
#   JVM is running with Unscaled Compressed Oops mode in which the Java heap is
#     placed in the first 4GB address space. The Java Heap base address is the
#     maximum limit for the native heap growth. Please use -XX:HeapBaseMinAddress
#     to set the Java Heap base and to place the Java Heap above 4GB virtual address.
# This output file may be truncated or incomplete.
#
#  Out of Memory Error (arena.cpp:149), pid=10424, tid=17500
#
# JRE version: OpenJDK Runtime Environment (23.0.2+7) (build 23.0.2+7-58)
# Java VM: OpenJDK 64-Bit Server VM (23.0.2+7-58, mixed mode, sharing, tiered, compressed oops, compressed class ptrs, g1 gc, windows-amd64)
# No core dump will be written. Minidumps are not enabled by default on client versions of Windows
#

---------------  S U M M A R Y ------------

Command Line: --add-opens=java.base/java.lang=ALL-UNNAMED --add-opens=java.base/java.lang.invoke=ALL-UNNAMED --add-opens=java.base/java.util=ALL-UNNAMED --add-opens=java.prefs/java.util.prefs=ALL-UNNAMED --add-exports=jdk.compiler/com.sun.tools.javac.api=ALL-UNNAMED --add-exports=jdk.compiler/com.sun.tools.javac.util=ALL-UNNAMED --add-opens=java.base/java.util=ALL-UNNAMED --add-opens=java.prefs/java.util.prefs=ALL-UNNAMED --add-opens=java.base/java.nio.charset=ALL-UNNAMED --add-opens=java.base/java.net=ALL-UNNAMED --add-opens=java.base/java.util.concurrent.atomic=ALL-UNNAMED --add-opens=java.xml/javax.xml.namespace=ALL-UNNAMED -XX:MaxMetaspaceSize=384m -XX:+HeapDumpOnOutOfMemoryError -Xms256m -Xmx512m -Dfile.encoding=UTF-8 -Duser.country=KR -Duser.language=ko -Duser.variant -javaagent:C:\Users\86745\.gradle\wrapper\dists\gradle-8.12.1-bin\eumc4uhoysa37zql93vfjkxy0\gradle-8.12.1\lib\agents\gradle-instrumentation-agent-8.12.1.jar org.gradle.launcher.daemon.bootstrap.GradleDaemon 8.12.1

Host: AMD EPYC 7643 48-Core Processor                , 8 cores, 15G,  Windows 11 , 64 bit Build 22621 (10.0.22621.3958)
Time: Thu Mar  6 08:17:48 2025  Windows 11 , 64 bit Build 22621 (10.0.22621.3958) elapsed time: 2.229355 seconds (0d 0h 0m 2s)

---------------  T H R E A D  ---------------

Current thread (0x000001f46d84b6c0):  JavaThread "C2 CompilerThread0" daemon [_thread_in_native, id=17500, stack(0x0000002f4ea00000,0x0000002f4eb00000) (1024K)]


Current CompileTask:
C2:2229 2860       4       sun.invoke.util.VerifyType::isNullConversion (157 bytes)

Stack: [0x0000002f4ea00000,0x0000002f4eb00000]
Native frames: (J=compiled Java code, j=interpreted, Vv=VM code, C=native code)
V  [jvm.dll+0x6e0b99]  (no source info available)
V  [jvm.dll+0x87e2b3]  (no source info available)
V  [jvm.dll+0x88073e]  (no source info available)
V  [jvm.dll+0x880e13]  (no source info available)
V  [jvm.dll+0x27b006]  (no source info available)
V  [jvm.dll+0xbc06f]  (no source info available)
V  [jvm.dll+0xbc45b]  (no source info available)
V  [jvm.dll+0xbbf1b]  (no source info available)
V  [jvm.dll+0x6bcbdc]  (no source info available)
V  [jvm.dll+0x24f70f]  (no source info available)
V  [jvm.dll+0x245e1f]  (no source info available)
V  [jvm.dll+0x243e04]  (no source info available)
V  [jvm.dll+0x1c34b0]  (no source info available)
V  [jvm.dll+0x253df1]  (no source info available)
V  [jvm.dll+0x2520aa]  (no source info available)
V  [jvm.dll+0x3ee226]  (no source info available)
V  [jvm.dll+0x8254cb]  (no source info available)
V  [jvm.dll+0x6df345]  (no source info available)
C  [ucrtbase.dll+0x29333]  (no source info available)
C  [KERNEL32.DLL+0x1257d]  (no source info available)
C  [ntdll.dll+0x5af28]  (no source info available)

Lock stack of current Java thread (top to bottom):


---------------  P R O C E S S  ---------------

Threads class SMR info:
_java_thread_list=0x000001f41b4631f0, length=26, elements={
0x000001f450605450, 0x000001f46d83a6a0, 0x000001f46d83b5c0, 0x000001f46d8433b0,
0x000001f46d845f20, 0x000001f46d848ac0, 0x000001f46d84a930, 0x000001f46d84b6c0,
0x000001f46d854400, 0x000001f4150805a0, 0x000001f415370780, 0x000001f4153db6d0,
0x000001f415483370, 0x000001f41b097db0, 0x000001f41b23d030, 0x000001f41b243100,
0x000001f41b2f1d20, 0x000001f41b2bd810, 0x000001f41b155fb0, 0x000001f41a80a1e0,
0x000001f41a8094c0, 0x000001f41a8087a0, 0x000001f41a808e30, 0x000001f41b3a2820,
0x000001f41b3a48f0, 0x000001f41b3a2eb0
}

Java Threads: ( => current thread )
  0x000001f450605450 JavaThread "main"                              [_thread_blocked, id=21340, stack(0x0000002f4dc00000,0x0000002f4dd00000) (1024K)]
  0x000001f46d83a6a0 JavaThread "Reference Handler"          daemon [_thread_blocked, id=6412, stack(0x0000002f4e400000,0x0000002f4e500000) (1024K)]
  0x000001f46d83b5c0 JavaThread "Finalizer"                  daemon [_thread_blocked, id=19328, stack(0x0000002f4e500000,0x0000002f4e600000) (1024K)]
  0x000001f46d8433b0 JavaThread "Signal Dispatcher"          daemon [_thread_blocked, id=17476, stack(0x0000002f4e600000,0x0000002f4e700000) (1024K)]
  0x000001f46d845f20 JavaThread "Attach Listener"            daemon [_thread_blocked, id=3312, stack(0x0000002f4e700000,0x0000002f4e800000) (1024K)]
  0x000001f46d848ac0 JavaThread "Service Thread"             daemon [_thread_blocked, id=9320, stack(0x0000002f4e800000,0x0000002f4e900000) (1024K)]
  0x000001f46d84a930 JavaThread "Monitor Deflation Thread"   daemon [_thread_blocked, id=14168, stack(0x0000002f4e900000,0x0000002f4ea00000) (1024K)]
=>0x000001f46d84b6c0 JavaThread "C2 CompilerThread0"         daemon [_thread_in_native, id=17500, stack(0x0000002f4ea00000,0x0000002f4eb00000) (1024K)]
  0x000001f46d854400 JavaThread "C1 CompilerThread0"         daemon [_thread_blocked, id=12020, stack(0x0000002f4eb00000,0x0000002f4ec00000) (1024K)]
  0x000001f4150805a0 JavaThread "Common-Cleaner"             daemon [_thread_blocked, id=20472, stack(0x0000002f4ec00000,0x0000002f4ed00000) (1024K)]
  0x000001f415370780 JavaThread "Notification Thread"        daemon [_thread_blocked, id=20040, stack(0x0000002f4ed00000,0x0000002f4ee00000) (1024K)]
  0x000001f4153db6d0 JavaThread "C2 CompilerThread1"         daemon [_thread_in_native, id=2480, stack(0x0000002f4ee00000,0x0000002f4ef00000) (1024K)]
  0x000001f415483370 JavaThread "C2 CompilerThread2"         daemon [_thread_in_native, id=19844, stack(0x0000002f4ef00000,0x0000002f4f000000) (1024K)]
  0x000001f41b097db0 JavaThread "Daemon health stats"               [_thread_blocked, id=8544, stack(0x0000002f4f500000,0x0000002f4f600000) (1024K)]
  0x000001f41b23d030 JavaThread "Incoming local TCP Connector on port 50954"        [_thread_in_native, id=1360, stack(0x0000002f4f600000,0x0000002f4f700000) (1024K)]
  0x000001f41b243100 JavaThread "Daemon periodic checks"            [_thread_blocked, id=6600, stack(0x0000002f4f700000,0x0000002f4f800000) (1024K)]
  0x000001f41b2f1d20 JavaThread "Daemon"                            [_thread_blocked, id=5516, stack(0x0000002f4f800000,0x0000002f4f900000) (1024K)]
  0x000001f41b2bd810 JavaThread "Handler for socket connection from /127.0.0.1:50954 to /127.0.0.1:50955"        [_thread_in_native, id=20720, stack(0x0000002f4f900000,0x0000002f4fa00000) (1024K)]
  0x000001f41b155fb0 JavaThread "Cancel handler"                    [_thread_blocked, id=13836, stack(0x0000002f4fa00000,0x0000002f4fb00000) (1024K)]
  0x000001f41a80a1e0 JavaThread "Daemon worker"                     [_thread_in_vm, id=19896, stack(0x0000002f4fb00000,0x0000002f4fc00000) (1024K)]
  0x000001f41a8094c0 JavaThread "Asynchronous log dispatcher for DefaultDaemonConnection: socket connection from /127.0.0.1:50954 to /127.0.0.1:50955"        [_thread_blocked, id=3944, stack(0x0000002f4fc00000,0x0000002f4fd00000) (1024K)]
  0x000001f41a8087a0 JavaThread "Stdin handler"                     [_thread_blocked, id=13936, stack(0x0000002f4fd00000,0x0000002f4fe00000) (1024K)]
  0x000001f41a808e30 JavaThread "Daemon client event forwarder"        [_thread_blocked, id=464, stack(0x0000002f4fe00000,0x0000002f4ff00000) (1024K)]
  0x000001f41b3a2820 JavaThread "Cache worker for journal cache (C:\Users\86745\.gradle\caches\journal-1)"        [_thread_blocked, id=11716, stack(0x0000002f4ff00000,0x0000002f50000000) (1024K)]
  0x000001f41b3a48f0 JavaThread "File lock request listener"        [_thread_in_native, id=5472, stack(0x0000002f50000000,0x0000002f50100000) (1024K)]
  0x000001f41b3a2eb0 JavaThread "Cache worker for file hash cache (C:\Users\86745\.gradle\caches\8.12.1\fileHashes)"        [_thread_blocked, id=2356, stack(0x0000002f50100000,0x0000002f50200000) (1024K)]
Total: 26

Other Threads:
  0x000001f46d8101a0 VMThread "VM Thread"                           [id=12284, stack(0x0000002f4e300000,0x0000002f4e400000) (1024K)]
  0x000001f46d8018e0 WatcherThread "VM Periodic Task Thread"        [id=1420, stack(0x0000002f4e200000,0x0000002f4e300000) (1024K)]
  0x000001f4528ece90 WorkerThread "GC Thread#0"                     [id=10748, stack(0x0000002f4dd00000,0x0000002f4de00000) (1024K)]
  0x000001f415be6da0 WorkerThread "GC Thread#1"                     [id=2544, stack(0x0000002f4f000000,0x0000002f4f100000) (1024K)]
  0x000001f415be7150 WorkerThread "GC Thread#2"                     [id=1080, stack(0x0000002f4f100000,0x0000002f4f200000) (1024K)]
  0x000001f415be7500 WorkerThread "GC Thread#3"                     [id=17436, stack(0x0000002f4f200000,0x0000002f4f300000) (1024K)]
  0x000001f4156c3080 WorkerThread "GC Thread#4"                     [id=17240, stack(0x0000002f4f300000,0x0000002f4f400000) (1024K)]
  0x000001f415972190 WorkerThread "GC Thread#5"                     [id=21148, stack(0x0000002f4f400000,0x0000002f4f500000) (1024K)]
  0x000001f41b2b6350 WorkerThread "GC Thread#6"                     [id=19732, stack(0x0000002f50200000,0x0000002f50300000) (1024K)]
  0x000001f41b2b5bf0 WorkerThread "GC Thread#7"                     [id=19344, stack(0x0000002f50300000,0x0000002f50400000) (1024K)]
  0x000001f4506ae180 ConcurrentGCThread "G1 Main Marker"            [id=1352, stack(0x0000002f4de00000,0x0000002f4df00000) (1024K)]
  0x000001f4528f0660 WorkerThread "G1 Conc#0"                       [id=21140, stack(0x0000002f4df00000,0x0000002f4e000000) (1024K)]
  0x000001f46d759330 ConcurrentGCThread "G1 Refine#0"               [id=16648, stack(0x0000002f4e000000,0x0000002f4e100000) (1024K)]
  0x000001f46d759dc0 ConcurrentGCThread "G1 Service"                [id=4436, stack(0x0000002f4e100000,0x0000002f4e200000) (1024K)]
Total: 14

Threads with active compile tasks:
C2 CompilerThread0  3130 2860       4       sun.invoke.util.VerifyType::isNullConversion (157 bytes)
C2 CompilerThread1  3130 2814   !   4       java.lang.ClassLoader::loadClass (121 bytes)
C2 CompilerThread2  3130 2827       4       java.lang.invoke.MethodType::makeImpl (109 bytes)
Total: 3

VM state: not at safepoint (normal execution)

VM Mutex/Monitor currently owned by a thread: None

Heap address: 0x00000000e0000000, size: 512 MB, Compressed Oops mode: 32-bit

CDS archive(s) mapped at: [0x000001f400000000-0x000001f400d70000-0x000001f400d70000), size 14090240, SharedBaseAddress: 0x000001f400000000, ArchiveRelocationMode: 1.
Compressed class space mapped at: 0x000001f401000000-0x000001f415000000, reserved size: 335544320
Narrow klass base: 0x000001f400000000, Narrow klass shift: 0, Narrow klass range: 0x15000000

GC Precious Log:
 CardTable entry size: 512
 Card Set container configuration: InlinePtr #cards 5 size 8 Array Of Cards #cards 10 size 36 Howl #buckets 4 coarsen threshold 1843 Howl Bitmap #cards 512 size 80 coarsen threshold 460 Card regions per heap region 1 cards per card region 2048
 CPUs: 8 total, 8 available
 Memory: 16377M
 Large Page Support: Disabled
 NUMA Support: Disabled
 Compressed Oops: Enabled (32-bit)
 Heap Region Size: 1M
 Heap Min Capacity: 256M
 Heap Initial Capacity: 256M
 Heap Max Capacity: 512M
 Pre-touch: Disabled
 Parallel Workers: 8
 Concurrent Workers: 2
 Concurrent Refinement Workers: 8
 Periodic GC: Disabled

Heap:
 garbage-first heap   total reserved 524288K, committed 262144K, used 22952K [0x00000000e0000000, 0x0000000100000000)
  region size 1024K, 11 young (11264K), 9 survivors (9216K)
 Metaspace       used 16267K, committed 16768K, reserved 393216K
  class space    used 2316K, committed 2560K, reserved 327680K

Heap Regions: E=young(eden), S=young(survivor), O=old, HS=humongous(starts), HC=humongous(continues), CS=collection set, F=free, TAMS=top-at-mark-start, PB=parsable bottom
|   0|0x00000000e0000000, 0x00000000e0100000, 0x00000000e0100000|100%| O|  |TAMS 0x00000000e0000000| PB 0x00000000e0000000| Untracked |  0
|   1|0x00000000e0100000, 0x00000000e0200000, 0x00000000e0200000|100%| O|  |TAMS 0x00000000e0100000| PB 0x00000000e0100000| Untracked |  0
|   2|0x00000000e0200000, 0x00000000e0300000, 0x00000000e0300000|100%|HS|  |TAMS 0x00000000e0200000| PB 0x00000000e0200000| Complete |  0
|   3|0x00000000e0300000, 0x00000000e0400000, 0x00000000e0400000|100%|HC|  |TAMS 0x00000000e0300000| PB 0x00000000e0300000| Complete |  0
|   4|0x00000000e0400000, 0x00000000e0500000, 0x00000000e0500000|100%|HC|  |TAMS 0x00000000e0400000| PB 0x00000000e0400000| Complete |  0
|   5|0x00000000e0500000, 0x00000000e0600000, 0x00000000e0600000|100%| O|  |TAMS 0x00000000e0500000| PB 0x00000000e0500000| Untracked |  0
|   6|0x00000000e0600000, 0x00000000e0700000, 0x00000000e0700000|100%| O|  |TAMS 0x00000000e0600000| PB 0x00000000e0600000| Untracked |  0
|   7|0x00000000e0700000, 0x00000000e0800000, 0x00000000e0800000|100%| O|  |TAMS 0x00000000e0700000| PB 0x00000000e0700000| Untracked |  0
|   8|0x00000000e0800000, 0x00000000e0900000, 0x00000000e0900000|100%|HS|  |TAMS 0x00000000e0800000| PB 0x00000000e0800000| Complete |  0
|   9|0x00000000e0900000, 0x00000000e0900000, 0x00000000e0a00000|  0%| F|  |TAMS 0x00000000e0900000| PB 0x00000000e0900000| Untracked |  0
|  10|0x00000000e0a00000, 0x00000000e0b00000, 0x00000000e0b00000|100%| O|  |TAMS 0x00000000e0a00000| PB 0x00000000e0a00000| Untracked |  0
|  11|0x00000000e0b00000, 0x00000000e0c00000, 0x00000000e0c00000|100%| O|  |TAMS 0x00000000e0b00000| PB 0x00000000e0b00000| Untracked |  0
|  12|0x00000000e0c00000, 0x00000000e0d00000, 0x00000000e0d00000|100%| O|  |TAMS 0x00000000e0c00000| PB 0x00000000e0c00000| Untracked |  0
|  13|0x00000000e0d00000, 0x00000000e0d6a340, 0x00000000e0e00000| 41%| O|  |TAMS 0x00000000e0d00000| PB 0x00000000e0d00000| Untracked |  0
|  14|0x00000000e0e00000, 0x00000000e0e00000, 0x00000000e0f00000|  0%| F|  |TAMS 0x00000000e0e00000| PB 0x00000000e0e00000| Untracked |  0
|  15|0x00000000e0f00000, 0x00000000e0f00000, 0x00000000e1000000|  0%| F|  |TAMS 0x00000000e0f00000| PB 0x00000000e0f00000| Untracked |  0
|  16|0x00000000e1000000, 0x00000000e1000000, 0x00000000e1100000|  0%| F|  |TAMS 0x00000000e1000000| PB 0x00000000e1000000| Untracked |  0
|  17|0x00000000e1100000, 0x00000000e1100000, 0x00000000e1200000|  0%| F|  |TAMS 0x00000000e1100000| PB 0x00000000e1100000| Untracked |  0
|  18|0x00000000e1200000, 0x00000000e1200000, 0x00000000e1300000|  0%| F|  |TAMS 0x00000000e1200000| PB 0x00000000e1200000| Untracked |  0
|  19|0x00000000e1300000, 0x00000000e1300000, 0x00000000e1400000|  0%| F|  |TAMS 0x00000000e1300000| PB 0x00000000e1300000| Untracked |  0
|  20|0x00000000e1400000, 0x00000000e1400000, 0x00000000e1500000|  0%| F|  |TAMS 0x00000000e1400000| PB 0x00000000e1400000| Untracked |  0
|  21|0x00000000e1500000, 0x00000000e1500000, 0x00000000e1600000|  0%| F|  |TAMS 0x00000000e1500000| PB 0x00000000e1500000| Untracked |  0
|  22|0x00000000e1600000, 0x00000000e1600000, 0x00000000e1700000|  0%| F|  |TAMS 0x00000000e1600000| PB 0x00000000e1600000| Untracked |  0
|  23|0x00000000e1700000, 0x00000000e1700000, 0x00000000e1800000|  0%| F|  |TAMS 0x00000000e1700000| PB 0x00000000e1700000| Untracked |  0
|  24|0x00000000e1800000, 0x00000000e1800000, 0x00000000e1900000|  0%| F|  |TAMS 0x00000000e1800000| PB 0x00000000e1800000| Untracked |  0
|  25|0x00000000e1900000, 0x00000000e1900000, 0x00000000e1a00000|  0%| F|  |TAMS 0x00000000e1900000| PB 0x00000000e1900000| Untracked |  0
|  26|0x00000000e1a00000, 0x00000000e1a00000, 0x00000000e1b00000|  0%| F|  |TAMS 0x00000000e1a00000| PB 0x00000000e1a00000| Untracked |  0
|  27|0x00000000e1b00000, 0x00000000e1b00000, 0x00000000e1c00000|  0%| F|  |TAMS 0x00000000e1b00000| PB 0x00000000e1b00000| Untracked |  0
|  28|0x00000000e1c00000, 0x00000000e1c00000, 0x00000000e1d00000|  0%| F|  |TAMS 0x00000000e1c00000| PB 0x00000000e1c00000| Untracked |  0
|  29|0x00000000e1d00000, 0x00000000e1d00000, 0x00000000e1e00000|  0%| F|  |TAMS 0x00000000e1d00000| PB 0x00000000e1d00000| Untracked |  0
|  30|0x00000000e1e00000, 0x00000000e1e00000, 0x00000000e1f00000|  0%| F|  |TAMS 0x00000000e1e00000| PB 0x00000000e1e00000| Untracked |  0
|  31|0x00000000e1f00000, 0x00000000e1f00000, 0x00000000e2000000|  0%| F|  |TAMS 0x00000000e1f00000| PB 0x00000000e1f00000| Untracked |  0
|  32|0x00000000e2000000, 0x00000000e2000000, 0x00000000e2100000|  0%| F|  |TAMS 0x00000000e2000000| PB 0x00000000e2000000| Untracked |  0
|  33|0x00000000e2100000, 0x00000000e2100000, 0x00000000e2200000|  0%| F|  |TAMS 0x00000000e2100000| PB 0x00000000e2100000| Untracked |  0
|  34|0x00000000e2200000, 0x00000000e2200000, 0x00000000e2300000|  0%| F|  |TAMS 0x00000000e2200000| PB 0x00000000e2200000| Untracked |  0
|  35|0x00000000e2300000, 0x00000000e2300000, 0x00000000e2400000|  0%| F|  |TAMS 0x00000000e2300000| PB 0x00000000e2300000| Untracked |  0
|  36|0x00000000e2400000, 0x00000000e2400000, 0x00000000e2500000|  0%| F|  |TAMS 0x00000000e2400000| PB 0x00000000e2400000| Untracked |  0
|  37|0x00000000e2500000, 0x00000000e2500000, 0x00000000e2600000|  0%| F|  |TAMS 0x00000000e2500000| PB 0x00000000e2500000| Untracked |  0
|  38|0x00000000e2600000, 0x00000000e2600000, 0x00000000e2700000|  0%| F|  |TAMS 0x00000000e2600000| PB 0x00000000e2600000| Untracked |  0
|  39|0x00000000e2700000, 0x00000000e2700000, 0x00000000e2800000|  0%| F|  |TAMS 0x00000000e2700000| PB 0x00000000e2700000| Untracked |  0
|  40|0x00000000e2800000, 0x00000000e2800000, 0x00000000e2900000|  0%| F|  |TAMS 0x00000000e2800000| PB 0x00000000e2800000| Untracked |  0
|  41|0x00000000e2900000, 0x00000000e2900000, 0x00000000e2a00000|  0%| F|  |TAMS 0x00000000e2900000| PB 0x00000000e2900000| Untracked |  0
|  42|0x00000000e2a00000, 0x00000000e2a00000, 0x00000000e2b00000|  0%| F|  |TAMS 0x00000000e2a00000| PB 0x00000000e2a00000| Untracked |  0
|  43|0x00000000e2b00000, 0x00000000e2b00000, 0x00000000e2c00000|  0%| F|  |TAMS 0x00000000e2b00000| PB 0x00000000e2b00000| Untracked |  0
|  44|0x00000000e2c00000, 0x00000000e2c00000, 0x00000000e2d00000|  0%| F|  |TAMS 0x00000000e2c00000| PB 0x00000000e2c00000| Untracked |  0
|  45|0x00000000e2d00000, 0x00000000e2d00000, 0x00000000e2e00000|  0%| F|  |TAMS 0x00000000e2d00000| PB 0x00000000e2d00000| Untracked |  0
|  46|0x00000000e2e00000, 0x00000000e2e00000, 0x00000000e2f00000|  0%| F|  |TAMS 0x00000000e2e00000| PB 0x00000000e2e00000| Untracked |  0
|  47|0x00000000e2f00000, 0x00000000e2f00000, 0x00000000e3000000|  0%| F|  |TAMS 0x00000000e2f00000| PB 0x00000000e2f00000| Untracked |  0
|  48|0x00000000e3000000, 0x00000000e3000000, 0x00000000e3100000|  0%| F|  |TAMS 0x00000000e3000000| PB 0x00000000e3000000| Untracked |  0
|  49|0x00000000e3100000, 0x00000000e3100000, 0x00000000e3200000|  0%| F|  |TAMS 0x00000000e3100000| PB 0x00000000e3100000| Untracked |  0
|  50|0x00000000e3200000, 0x00000000e3200000, 0x00000000e3300000|  0%| F|  |TAMS 0x00000000e3200000| PB 0x00000000e3200000| Untracked |  0
|  51|0x00000000e3300000, 0x00000000e3300000, 0x00000000e3400000|  0%| F|  |TAMS 0x00000000e3300000| PB 0x00000000e3300000| Untracked |  0
|  52|0x00000000e3400000, 0x00000000e3400000, 0x00000000e3500000|  0%| F|  |TAMS 0x00000000e3400000| PB 0x00000000e3400000| Untracked |  0
|  53|0x00000000e3500000, 0x00000000e3500000, 0x00000000e3600000|  0%| F|  |TAMS 0x00000000e3500000| PB 0x00000000e3500000| Untracked |  0
|  54|0x00000000e3600000, 0x00000000e3600000, 0x00000000e3700000|  0%| F|  |TAMS 0x00000000e3600000| PB 0x00000000e3600000| Untracked |  0
|  55|0x00000000e3700000, 0x00000000e3700000, 0x00000000e3800000|  0%| F|  |TAMS 0x00000000e3700000| PB 0x00000000e3700000| Untracked |  0
|  56|0x00000000e3800000, 0x00000000e3800000, 0x00000000e3900000|  0%| F|  |TAMS 0x00000000e3800000| PB 0x00000000e3800000| Untracked |  0
|  57|0x00000000e3900000, 0x00000000e3900000, 0x00000000e3a00000|  0%| F|  |TAMS 0x00000000e3900000| PB 0x00000000e3900000| Untracked |  0
|  58|0x00000000e3a00000, 0x00000000e3a00000, 0x00000000e3b00000|  0%| F|  |TAMS 0x00000000e3a00000| PB 0x00000000e3a00000| Untracked |  0
|  59|0x00000000e3b00000, 0x00000000e3b00000, 0x00000000e3c00000|  0%| F|  |TAMS 0x00000000e3b00000| PB 0x00000000e3b00000| Untracked |  0
|  60|0x00000000e3c00000, 0x00000000e3c00000, 0x00000000e3d00000|  0%| F|  |TAMS 0x00000000e3c00000| PB 0x00000000e3c00000| Untracked |  0
|  61|0x00000000e3d00000, 0x00000000e3d00000, 0x00000000e3e00000|  0%| F|  |TAMS 0x00000000e3d00000| PB 0x00000000e3d00000| Untracked |  0
|  62|0x00000000e3e00000, 0x00000000e3e00000, 0x00000000e3f00000|  0%| F|  |TAMS 0x00000000e3e00000| PB 0x00000000e3e00000| Untracked |  0
|  63|0x00000000e3f00000, 0x00000000e3f00000, 0x00000000e4000000|  0%| F|  |TAMS 0x00000000e3f00000| PB 0x00000000e3f00000| Untracked |  0
|  64|0x00000000e4000000, 0x00000000e4000000, 0x00000000e4100000|  0%| F|  |TAMS 0x00000000e4000000| PB 0x00000000e4000000| Untracked |  0
|  65|0x00000000e4100000, 0x00000000e4100000, 0x00000000e4200000|  0%| F|  |TAMS 0x00000000e4100000| PB 0x00000000e4100000| Untracked |  0
|  66|0x00000000e4200000, 0x00000000e4200000, 0x00000000e4300000|  0%| F|  |TAMS 0x00000000e4200000| PB 0x00000000e4200000| Untracked |  0
|  67|0x00000000e4300000, 0x00000000e4300000, 0x00000000e4400000|  0%| F|  |TAMS 0x00000000e4300000| PB 0x00000000e4300000| Untracked |  0
|  68|0x00000000e4400000, 0x00000000e4400000, 0x00000000e4500000|  0%| F|  |TAMS 0x00000000e4400000| PB 0x00000000e4400000| Untracked |  0
|  69|0x00000000e4500000, 0x00000000e4500000, 0x00000000e4600000|  0%| F|  |TAMS 0x00000000e4500000| PB 0x00000000e4500000| Untracked |  0
|  70|0x00000000e4600000, 0x00000000e4600000, 0x00000000e4700000|  0%| F|  |TAMS 0x00000000e4600000| PB 0x00000000e4600000| Untracked |  0
|  71|0x00000000e4700000, 0x00000000e4700000, 0x00000000e4800000|  0%| F|  |TAMS 0x00000000e4700000| PB 0x00000000e4700000| Untracked |  0
|  72|0x00000000e4800000, 0x00000000e4800000, 0x00000000e4900000|  0%| F|  |TAMS 0x00000000e4800000| PB 0x00000000e4800000| Untracked |  0
|  73|0x00000000e4900000, 0x00000000e4900000, 0x00000000e4a00000|  0%| F|  |TAMS 0x00000000e4900000| PB 0x00000000e4900000| Untracked |  0
|  74|0x00000000e4a00000, 0x00000000e4a00000, 0x00000000e4b00000|  0%| F|  |TAMS 0x00000000e4a00000| PB 0x00000000e4a00000| Untracked |  0
|  75|0x00000000e4b00000, 0x00000000e4b00000, 0x00000000e4c00000|  0%| F|  |TAMS 0x00000000e4b00000| PB 0x00000000e4b00000| Untracked |  0
|  76|0x00000000e4c00000, 0x00000000e4c00000, 0x00000000e4d00000|  0%| F|  |TAMS 0x00000000e4c00000| PB 0x00000000e4c00000| Untracked |  0
|  77|0x00000000e4d00000, 0x00000000e4d00000, 0x00000000e4e00000|  0%| F|  |TAMS 0x00000000e4d00000| PB 0x00000000e4d00000| Untracked |  0
|  78|0x00000000e4e00000, 0x00000000e4e00000, 0x00000000e4f00000|  0%| F|  |TAMS 0x00000000e4e00000| PB 0x00000000e4e00000| Untracked |  0
|  79|0x00000000e4f00000, 0x00000000e4f00000, 0x00000000e5000000|  0%| F|  |TAMS 0x00000000e4f00000| PB 0x00000000e4f00000| Untracked |  0
|  80|0x00000000e5000000, 0x00000000e5000000, 0x00000000e5100000|  0%| F|  |TAMS 0x00000000e5000000| PB 0x00000000e5000000| Untracked |  0
|  81|0x00000000e5100000, 0x00000000e5100000, 0x00000000e5200000|  0%| F|  |TAMS 0x00000000e5100000| PB 0x00000000e5100000| Untracked |  0
|  82|0x00000000e5200000, 0x00000000e5200000, 0x00000000e5300000|  0%| F|  |TAMS 0x00000000e5200000| PB 0x00000000e5200000| Untracked |  0
|  83|0x00000000e5300000, 0x00000000e5300000, 0x00000000e5400000|  0%| F|  |TAMS 0x00000000e5300000| PB 0x00000000e5300000| Untracked |  0
|  84|0x00000000e5400000, 0x00000000e5400000, 0x00000000e5500000|  0%| F|  |TAMS 0x00000000e5400000| PB 0x00000000e5400000| Untracked |  0
|  85|0x00000000e5500000, 0x00000000e5500000, 0x00000000e5600000|  0%| F|  |TAMS 0x00000000e5500000| PB 0x00000000e5500000| Untracked |  0
|  86|0x00000000e5600000, 0x00000000e5600000, 0x00000000e5700000|  0%| F|  |TAMS 0x00000000e5600000| PB 0x00000000e5600000| Untracked |  0
|  87|0x00000000e5700000, 0x00000000e5700000, 0x00000000e5800000|  0%| F|  |TAMS 0x00000000e5700000| PB 0x00000000e5700000| Untracked |  0
|  88|0x00000000e5800000, 0x00000000e5800000, 0x00000000e5900000|  0%| F|  |TAMS 0x00000000e5800000| PB 0x00000000e5800000| Untracked |  0
|  89|0x00000000e5900000, 0x00000000e5900000, 0x00000000e5a00000|  0%| F|  |TAMS 0x00000000e5900000| PB 0x00000000e5900000| Untracked |  0
|  90|0x00000000e5a00000, 0x00000000e5a00000, 0x00000000e5b00000|  0%| F|  |TAMS 0x00000000e5a00000| PB 0x00000000e5a00000| Untracked |  0
|  91|0x00000000e5b00000, 0x00000000e5b00000, 0x00000000e5c00000|  0%| F|  |TAMS 0x00000000e5b00000| PB 0x00000000e5b00000| Untracked |  0
|  92|0x00000000e5c00000, 0x00000000e5c00000, 0x00000000e5d00000|  0%| F|  |TAMS 0x00000000e5c00000| PB 0x00000000e5c00000| Untracked |  0
|  93|0x00000000e5d00000, 0x00000000e5d00000, 0x00000000e5e00000|  0%| F|  |TAMS 0x00000000e5d00000| PB 0x00000000e5d00000| Untracked |  0
|  94|0x00000000e5e00000, 0x00000000e5e00000, 0x00000000e5f00000|  0%| F|  |TAMS 0x00000000e5e00000| PB 0x00000000e5e00000| Untracked |  0
|  95|0x00000000e5f00000, 0x00000000e5f00000, 0x00000000e6000000|  0%| F|  |TAMS 0x00000000e5f00000| PB 0x00000000e5f00000| Untracked |  0
|  96|0x00000000e6000000, 0x00000000e6000000, 0x00000000e6100000|  0%| F|  |TAMS 0x00000000e6000000| PB 0x00000000e6000000| Untracked |  0
|  97|0x00000000e6100000, 0x00000000e6100000, 0x00000000e6200000|  0%| F|  |TAMS 0x00000000e6100000| PB 0x00000000e6100000| Untracked |  0
|  98|0x00000000e6200000, 0x00000000e6200000, 0x00000000e6300000|  0%| F|  |TAMS 0x00000000e6200000| PB 0x00000000e6200000| Untracked |  0
|  99|0x00000000e6300000, 0x00000000e6300000, 0x00000000e6400000|  0%| F|  |TAMS 0x00000000e6300000| PB 0x00000000e6300000| Untracked |  0
| 100|0x00000000e6400000, 0x00000000e6400000, 0x00000000e6500000|  0%| F|  |TAMS 0x00000000e6400000| PB 0x00000000e6400000| Untracked |  0
| 101|0x00000000e6500000, 0x00000000e6500000, 0x00000000e6600000|  0%| F|  |TAMS 0x00000000e6500000| PB 0x00000000e6500000| Untracked |  0
| 102|0x00000000e6600000, 0x00000000e6600000, 0x00000000e6700000|  0%| F|  |TAMS 0x00000000e6600000| PB 0x00000000e6600000| Untracked |  0
| 103|0x00000000e6700000, 0x00000000e6700000, 0x00000000e6800000|  0%| F|  |TAMS 0x00000000e6700000| PB 0x00000000e6700000| Untracked |  0
| 104|0x00000000e6800000, 0x00000000e6800000, 0x00000000e6900000|  0%| F|  |TAMS 0x00000000e6800000| PB 0x00000000e6800000| Untracked |  0
| 105|0x00000000e6900000, 0x00000000e6900000, 0x00000000e6a00000|  0%| F|  |TAMS 0x00000000e6900000| PB 0x00000000e6900000| Untracked |  0
| 106|0x00000000e6a00000, 0x00000000e6a00000, 0x00000000e6b00000|  0%| F|  |TAMS 0x00000000e6a00000| PB 0x00000000e6a00000| Untracked |  0
| 107|0x00000000e6b00000, 0x00000000e6b00000, 0x00000000e6c00000|  0%| F|  |TAMS 0x00000000e6b00000| PB 0x00000000e6b00000| Untracked |  0
| 108|0x00000000e6c00000, 0x00000000e6c00000, 0x00000000e6d00000|  0%| F|  |TAMS 0x00000000e6c00000| PB 0x00000000e6c00000| Untracked |  0
| 109|0x00000000e6d00000, 0x00000000e6d00000, 0x00000000e6e00000|  0%| F|  |TAMS 0x00000000e6d00000| PB 0x00000000e6d00000| Untracked |  0
| 110|0x00000000e6e00000, 0x00000000e6e00000, 0x00000000e6f00000|  0%| F|  |TAMS 0x00000000e6e00000| PB 0x00000000e6e00000| Untracked |  0
| 111|0x00000000e6f00000, 0x00000000e6f00000, 0x00000000e7000000|  0%| F|  |TAMS 0x00000000e6f00000| PB 0x00000000e6f00000| Untracked |  0
| 112|0x00000000e7000000, 0x00000000e7000000, 0x00000000e7100000|  0%| F|  |TAMS 0x00000000e7000000| PB 0x00000000e7000000| Untracked |  0
| 113|0x00000000e7100000, 0x00000000e7100000, 0x00000000e7200000|  0%| F|  |TAMS 0x00000000e7100000| PB 0x00000000e7100000| Untracked |  0
| 114|0x00000000e7200000, 0x00000000e7200000, 0x00000000e7300000|  0%| F|  |TAMS 0x00000000e7200000| PB 0x00000000e7200000| Untracked |  0
| 115|0x00000000e7300000, 0x00000000e7300000, 0x00000000e7400000|  0%| F|  |TAMS 0x00000000e7300000| PB 0x00000000e7300000| Untracked |  0
| 116|0x00000000e7400000, 0x00000000e7400000, 0x00000000e7500000|  0%| F|  |TAMS 0x00000000e7400000| PB 0x00000000e7400000| Untracked |  0
| 117|0x00000000e7500000, 0x00000000e7500000, 0x00000000e7600000|  0%| F|  |TAMS 0x00000000e7500000| PB 0x00000000e7500000| Untracked |  0
| 118|0x00000000e7600000, 0x00000000e7600000, 0x00000000e7700000|  0%| F|  |TAMS 0x00000000e7600000| PB 0x00000000e7600000| Untracked |  0
| 119|0x00000000e7700000, 0x00000000e7700000, 0x00000000e7800000|  0%| F|  |TAMS 0x00000000e7700000| PB 0x00000000e7700000| Untracked |  0
| 120|0x00000000e7800000, 0x00000000e7800000, 0x00000000e7900000|  0%| F|  |TAMS 0x00000000e7800000| PB 0x00000000e7800000| Untracked |  0
| 121|0x00000000e7900000, 0x00000000e7900000, 0x00000000e7a00000|  0%| F|  |TAMS 0x00000000e7900000| PB 0x00000000e7900000| Untracked |  0
| 122|0x00000000e7a00000, 0x00000000e7a00000, 0x00000000e7b00000|  0%| F|  |TAMS 0x00000000e7a00000| PB 0x00000000e7a00000| Untracked |  0
| 123|0x00000000e7b00000, 0x00000000e7b00000, 0x00000000e7c00000|  0%| F|  |TAMS 0x00000000e7b00000| PB 0x00000000e7b00000| Untracked |  0
| 124|0x00000000e7c00000, 0x00000000e7c00000, 0x00000000e7d00000|  0%| F|  |TAMS 0x00000000e7c00000| PB 0x00000000e7c00000| Untracked |  0
| 125|0x00000000e7d00000, 0x00000000e7d00000, 0x00000000e7e00000|  0%| F|  |TAMS 0x00000000e7d00000| PB 0x00000000e7d00000| Untracked |  0
| 126|0x00000000e7e00000, 0x00000000e7e00000, 0x00000000e7f00000|  0%| F|  |TAMS 0x00000000e7e00000| PB 0x00000000e7e00000| Untracked |  0
| 127|0x00000000e7f00000, 0x00000000e7f00000, 0x00000000e8000000|  0%| F|  |TAMS 0x00000000e7f00000| PB 0x00000000e7f00000| Untracked |  0
| 128|0x00000000e8000000, 0x00000000e8000000, 0x00000000e8100000|  0%| F|  |TAMS 0x00000000e8000000| PB 0x00000000e8000000| Untracked |  0
| 129|0x00000000e8100000, 0x00000000e8100000, 0x00000000e8200000|  0%| F|  |TAMS 0x00000000e8100000| PB 0x00000000e8100000| Untracked |  0
| 130|0x00000000e8200000, 0x00000000e8200000, 0x00000000e8300000|  0%| F|  |TAMS 0x00000000e8200000| PB 0x00000000e8200000| Untracked |  0
| 131|0x00000000e8300000, 0x00000000e8300000, 0x00000000e8400000|  0%| F|  |TAMS 0x00000000e8300000| PB 0x00000000e8300000| Untracked |  0
| 132|0x00000000e8400000, 0x00000000e8400000, 0x00000000e8500000|  0%| F|  |TAMS 0x00000000e8400000| PB 0x00000000e8400000| Untracked |  0
| 133|0x00000000e8500000, 0x00000000e8500000, 0x00000000e8600000|  0%| F|  |TAMS 0x00000000e8500000| PB 0x00000000e8500000| Untracked |  0
| 134|0x00000000e8600000, 0x00000000e8600000, 0x00000000e8700000|  0%| F|  |TAMS 0x00000000e8600000| PB 0x00000000e8600000| Untracked |  0
| 135|0x00000000e8700000, 0x00000000e8700000, 0x00000000e8800000|  0%| F|  |TAMS 0x00000000e8700000| PB 0x00000000e8700000| Untracked |  0
| 136|0x00000000e8800000, 0x00000000e8800000, 0x00000000e8900000|  0%| F|  |TAMS 0x00000000e8800000| PB 0x00000000e8800000| Untracked |  0
| 137|0x00000000e8900000, 0x00000000e8900000, 0x00000000e8a00000|  0%| F|  |TAMS 0x00000000e8900000| PB 0x00000000e8900000| Untracked |  0
| 138|0x00000000e8a00000, 0x00000000e8a00000, 0x00000000e8b00000|  0%| F|  |TAMS 0x00000000e8a00000| PB 0x00000000e8a00000| Untracked |  0
| 139|0x00000000e8b00000, 0x00000000e8b00000, 0x00000000e8c00000|  0%| F|  |TAMS 0x00000000e8b00000| PB 0x00000000e8b00000| Untracked |  0
| 140|0x00000000e8c00000, 0x00000000e8c00000, 0x00000000e8d00000|  0%| F|  |TAMS 0x00000000e8c00000| PB 0x00000000e8c00000| Untracked |  0
| 141|0x00000000e8d00000, 0x00000000e8d00000, 0x00000000e8e00000|  0%| F|  |TAMS 0x00000000e8d00000| PB 0x00000000e8d00000| Untracked |  0
| 142|0x00000000e8e00000, 0x00000000e8e00000, 0x00000000e8f00000|  0%| F|  |TAMS 0x00000000e8e00000| PB 0x00000000e8e00000| Untracked |  0
| 143|0x00000000e8f00000, 0x00000000e8f00000, 0x00000000e9000000|  0%| F|  |TAMS 0x00000000e8f00000| PB 0x00000000e8f00000| Untracked |  0
| 144|0x00000000e9000000, 0x00000000e9000000, 0x00000000e9100000|  0%| F|  |TAMS 0x00000000e9000000| PB 0x00000000e9000000| Untracked |  0
| 145|0x00000000e9100000, 0x00000000e9100000, 0x00000000e9200000|  0%| F|  |TAMS 0x00000000e9100000| PB 0x00000000e9100000| Untracked |  0
| 146|0x00000000e9200000, 0x00000000e9200000, 0x00000000e9300000|  0%| F|  |TAMS 0x00000000e9200000| PB 0x00000000e9200000| Untracked |  0
| 147|0x00000000e9300000, 0x00000000e9300000, 0x00000000e9400000|  0%| F|  |TAMS 0x00000000e9300000| PB 0x00000000e9300000| Untracked |  0
| 148|0x00000000e9400000, 0x00000000e9400000, 0x00000000e9500000|  0%| F|  |TAMS 0x00000000e9400000| PB 0x00000000e9400000| Untracked |  0
| 149|0x00000000e9500000, 0x00000000e9500000, 0x00000000e9600000|  0%| F|  |TAMS 0x00000000e9500000| PB 0x00000000e9500000| Untracked |  0
| 150|0x00000000e9600000, 0x00000000e9600000, 0x00000000e9700000|  0%| F|  |TAMS 0x00000000e9600000| PB 0x00000000e9600000| Untracked |  0
| 151|0x00000000e9700000, 0x00000000e9700000, 0x00000000e9800000|  0%| F|  |TAMS 0x00000000e9700000| PB 0x00000000e9700000| Untracked |  0
| 152|0x00000000e9800000, 0x00000000e9800000, 0x00000000e9900000|  0%| F|  |TAMS 0x00000000e9800000| PB 0x00000000e9800000| Untracked |  0
| 153|0x00000000e9900000, 0x00000000e9900000, 0x00000000e9a00000|  0%| F|  |TAMS 0x00000000e9900000| PB 0x00000000e9900000| Untracked |  0
| 154|0x00000000e9a00000, 0x00000000e9a00000, 0x00000000e9b00000|  0%| F|  |TAMS 0x00000000e9a00000| PB 0x00000000e9a00000| Untracked |  0
| 155|0x00000000e9b00000, 0x00000000e9b00000, 0x00000000e9c00000|  0%| F|  |TAMS 0x00000000e9b00000| PB 0x00000000e9b00000| Untracked |  0
| 156|0x00000000e9c00000, 0x00000000e9c00000, 0x00000000e9d00000|  0%| F|  |TAMS 0x00000000e9c00000| PB 0x00000000e9c00000| Untracked |  0
| 157|0x00000000e9d00000, 0x00000000e9d00000, 0x00000000e9e00000|  0%| F|  |TAMS 0x00000000e9d00000| PB 0x00000000e9d00000| Untracked |  0
| 158|0x00000000e9e00000, 0x00000000e9e00000, 0x00000000e9f00000|  0%| F|  |TAMS 0x00000000e9e00000| PB 0x00000000e9e00000| Untracked |  0
| 159|0x00000000e9f00000, 0x00000000e9f00000, 0x00000000ea000000|  0%| F|  |TAMS 0x00000000e9f00000| PB 0x00000000e9f00000| Untracked |  0
| 160|0x00000000ea000000, 0x00000000ea000000, 0x00000000ea100000|  0%| F|  |TAMS 0x00000000ea000000| PB 0x00000000ea000000| Untracked |  0
| 161|0x00000000ea100000, 0x00000000ea100000, 0x00000000ea200000|  0%| F|  |TAMS 0x00000000ea100000| PB 0x00000000ea100000| Untracked |  0
| 162|0x00000000ea200000, 0x00000000ea200000, 0x00000000ea300000|  0%| F|  |TAMS 0x00000000ea200000| PB 0x00000000ea200000| Untracked |  0
| 163|0x00000000ea300000, 0x00000000ea300000, 0x00000000ea400000|  0%| F|  |TAMS 0x00000000ea300000| PB 0x00000000ea300000| Untracked |  0
| 164|0x00000000ea400000, 0x00000000ea400000, 0x00000000ea500000|  0%| F|  |TAMS 0x00000000ea400000| PB 0x00000000ea400000| Untracked |  0
| 165|0x00000000ea500000, 0x00000000ea500000, 0x00000000ea600000|  0%| F|  |TAMS 0x00000000ea500000| PB 0x00000000ea500000| Untracked |  0
| 166|0x00000000ea600000, 0x00000000ea600000, 0x00000000ea700000|  0%| F|  |TAMS 0x00000000ea600000| PB 0x00000000ea600000| Untracked |  0
| 167|0x00000000ea700000, 0x00000000ea700000, 0x00000000ea800000|  0%| F|  |TAMS 0x00000000ea700000| PB 0x00000000ea700000| Untracked |  0
| 168|0x00000000ea800000, 0x00000000ea800000, 0x00000000ea900000|  0%| F|  |TAMS 0x00000000ea800000| PB 0x00000000ea800000| Untracked |  0
| 169|0x00000000ea900000, 0x00000000ea900000, 0x00000000eaa00000|  0%| F|  |TAMS 0x00000000ea900000| PB 0x00000000ea900000| Untracked |  0
| 170|0x00000000eaa00000, 0x00000000eaa00000, 0x00000000eab00000|  0%| F|  |TAMS 0x00000000eaa00000| PB 0x00000000eaa00000| Untracked |  0
| 171|0x00000000eab00000, 0x00000000eab00000, 0x00000000eac00000|  0%| F|  |TAMS 0x00000000eab00000| PB 0x00000000eab00000| Untracked |  0
| 172|0x00000000eac00000, 0x00000000eac00000, 0x00000000ead00000|  0%| F|  |TAMS 0x00000000eac00000| PB 0x00000000eac00000| Untracked |  0
| 173|0x00000000ead00000, 0x00000000ead00000, 0x00000000eae00000|  0%| F|  |TAMS 0x00000000ead00000| PB 0x00000000ead00000| Untracked |  0
| 174|0x00000000eae00000, 0x00000000eae00000, 0x00000000eaf00000|  0%| F|  |TAMS 0x00000000eae00000| PB 0x00000000eae00000| Untracked |  0
| 175|0x00000000eaf00000, 0x00000000eaf00000, 0x00000000eb000000|  0%| F|  |TAMS 0x00000000eaf00000| PB 0x00000000eaf00000| Untracked |  0
| 176|0x00000000eb000000, 0x00000000eb000000, 0x00000000eb100000|  0%| F|  |TAMS 0x00000000eb000000| PB 0x00000000eb000000| Untracked |  0
| 177|0x00000000eb100000, 0x00000000eb100000, 0x00000000eb200000|  0%| F|  |TAMS 0x00000000eb100000| PB 0x00000000eb100000| Untracked |  0
| 178|0x00000000eb200000, 0x00000000eb300000, 0x00000000eb300000|100%| S|CS|TAMS 0x00000000eb200000| PB 0x00000000eb200000| Complete |  0
| 179|0x00000000eb300000, 0x00000000eb400000, 0x00000000eb400000|100%| S|CS|TAMS 0x00000000eb300000| PB 0x00000000eb300000| Complete |  0
| 180|0x00000000eb400000, 0x00000000eb500000, 0x00000000eb500000|100%| S|CS|TAMS 0x00000000eb400000| PB 0x00000000eb400000| Complete |  0
| 181|0x00000000eb500000, 0x00000000eb600000, 0x00000000eb600000|100%| S|CS|TAMS 0x00000000eb500000| PB 0x00000000eb500000| Complete |  0
| 182|0x00000000eb600000, 0x00000000eb700000, 0x00000000eb700000|100%| S|CS|TAMS 0x00000000eb600000| PB 0x00000000eb600000| Complete |  0
| 183|0x00000000eb700000, 0x00000000eb800000, 0x00000000eb800000|100%| S|CS|TAMS 0x00000000eb700000| PB 0x00000000eb700000| Complete |  0
| 184|0x00000000eb800000, 0x00000000eb900000, 0x00000000eb900000|100%| S|CS|TAMS 0x00000000eb800000| PB 0x00000000eb800000| Complete |  0
| 185|0x00000000eb900000, 0x00000000eba00000, 0x00000000eba00000|100%| S|CS|TAMS 0x00000000eb900000| PB 0x00000000eb900000| Complete |  0
| 186|0x00000000eba00000, 0x00000000ebb00000, 0x00000000ebb00000|100%| S|CS|TAMS 0x00000000eba00000| PB 0x00000000eba00000| Complete |  0
| 187|0x00000000ebb00000, 0x00000000ebb00000, 0x00000000ebc00000|  0%| F|  |TAMS 0x00000000ebb00000| PB 0x00000000ebb00000| Untracked |  0
| 188|0x00000000ebc00000, 0x00000000ebc00000, 0x00000000ebd00000|  0%| F|  |TAMS 0x00000000ebc00000| PB 0x00000000ebc00000| Untracked |  0
| 189|0x00000000ebd00000, 0x00000000ebd00000, 0x00000000ebe00000|  0%| F|  |TAMS 0x00000000ebd00000| PB 0x00000000ebd00000| Untracked |  0
| 190|0x00000000ebe00000, 0x00000000ebe00000, 0x00000000ebf00000|  0%| F|  |TAMS 0x00000000ebe00000| PB 0x00000000ebe00000| Untracked |  0
| 191|0x00000000ebf00000, 0x00000000ebf00000, 0x00000000ec000000|  0%| F|  |TAMS 0x00000000ebf00000| PB 0x00000000ebf00000| Untracked |  0
| 192|0x00000000ec000000, 0x00000000ec000000, 0x00000000ec100000|  0%| F|  |TAMS 0x00000000ec000000| PB 0x00000000ec000000| Untracked |  0
| 193|0x00000000ec100000, 0x00000000ec100000, 0x00000000ec200000|  0%| F|  |TAMS 0x00000000ec100000| PB 0x00000000ec100000| Untracked |  0
| 194|0x00000000ec200000, 0x00000000ec200000, 0x00000000ec300000|  0%| F|  |TAMS 0x00000000ec200000| PB 0x00000000ec200000| Untracked |  0
| 195|0x00000000ec300000, 0x00000000ec300000, 0x00000000ec400000|  0%| F|  |TAMS 0x00000000ec300000| PB 0x00000000ec300000| Untracked |  0
| 196|0x00000000ec400000, 0x00000000ec400000, 0x00000000ec500000|  0%| F|  |TAMS 0x00000000ec400000| PB 0x00000000ec400000| Untracked |  0
| 197|0x00000000ec500000, 0x00000000ec500000, 0x00000000ec600000|  0%| F|  |TAMS 0x00000000ec500000| PB 0x00000000ec500000| Untracked |  0
| 198|0x00000000ec600000, 0x00000000ec600000, 0x00000000ec700000|  0%| F|  |TAMS 0x00000000ec600000| PB 0x00000000ec600000| Untracked |  0
| 199|0x00000000ec700000, 0x00000000ec700000, 0x00000000ec800000|  0%| F|  |TAMS 0x00000000ec700000| PB 0x00000000ec700000| Untracked |  0
| 200|0x00000000ec800000, 0x00000000ec800000, 0x00000000ec900000|  0%| F|  |TAMS 0x00000000ec800000| PB 0x00000000ec800000| Untracked |  0
| 201|0x00000000ec900000, 0x00000000ec900000, 0x00000000eca00000|  0%| F|  |TAMS 0x00000000ec900000| PB 0x00000000ec900000| Untracked |  0
| 202|0x00000000eca00000, 0x00000000eca00000, 0x00000000ecb00000|  0%| F|  |TAMS 0x00000000eca00000| PB 0x00000000eca00000| Untracked |  0
| 203|0x00000000ecb00000, 0x00000000ecb00000, 0x00000000ecc00000|  0%| F|  |TAMS 0x00000000ecb00000| PB 0x00000000ecb00000| Untracked |  0
| 204|0x00000000ecc00000, 0x00000000ecc00000, 0x00000000ecd00000|  0%| F|  |TAMS 0x00000000ecc00000| PB 0x00000000ecc00000| Untracked |  0
| 205|0x00000000ecd00000, 0x00000000ecd00000, 0x00000000ece00000|  0%| F|  |TAMS 0x00000000ecd00000| PB 0x00000000ecd00000| Untracked |  0
| 206|0x00000000ece00000, 0x00000000ece00000, 0x00000000ecf00000|  0%| F|  |TAMS 0x00000000ece00000| PB 0x00000000ece00000| Untracked |  0
| 207|0x00000000ecf00000, 0x00000000ecf00000, 0x00000000ed000000|  0%| F|  |TAMS 0x00000000ecf00000| PB 0x00000000ecf00000| Untracked |  0
| 208|0x00000000ed000000, 0x00000000ed000000, 0x00000000ed100000|  0%| F|  |TAMS 0x00000000ed000000| PB 0x00000000ed000000| Untracked |  0
| 209|0x00000000ed100000, 0x00000000ed100000, 0x00000000ed200000|  0%| F|  |TAMS 0x00000000ed100000| PB 0x00000000ed100000| Untracked |  0
| 210|0x00000000ed200000, 0x00000000ed200000, 0x00000000ed300000|  0%| F|  |TAMS 0x00000000ed200000| PB 0x00000000ed200000| Untracked |  0
| 211|0x00000000ed300000, 0x00000000ed300000, 0x00000000ed400000|  0%| F|  |TAMS 0x00000000ed300000| PB 0x00000000ed300000| Untracked |  0
| 212|0x00000000ed400000, 0x00000000ed400000, 0x00000000ed500000|  0%| F|  |TAMS 0x00000000ed400000| PB 0x00000000ed400000| Untracked |  0
| 213|0x00000000ed500000, 0x00000000ed500000, 0x00000000ed600000|  0%| F|  |TAMS 0x00000000ed500000| PB 0x00000000ed500000| Untracked |  0
| 214|0x00000000ed600000, 0x00000000ed600000, 0x00000000ed700000|  0%| F|  |TAMS 0x00000000ed600000| PB 0x00000000ed600000| Untracked |  0
| 215|0x00000000ed700000, 0x00000000ed700000, 0x00000000ed800000|  0%| F|  |TAMS 0x00000000ed700000| PB 0x00000000ed700000| Untracked |  0
| 216|0x00000000ed800000, 0x00000000ed800000, 0x00000000ed900000|  0%| F|  |TAMS 0x00000000ed800000| PB 0x00000000ed800000| Untracked |  0
| 217|0x00000000ed900000, 0x00000000ed900000, 0x00000000eda00000|  0%| F|  |TAMS 0x00000000ed900000| PB 0x00000000ed900000| Untracked |  0
| 218|0x00000000eda00000, 0x00000000eda00000, 0x00000000edb00000|  0%| F|  |TAMS 0x00000000eda00000| PB 0x00000000eda00000| Untracked |  0
| 219|0x00000000edb00000, 0x00000000edb00000, 0x00000000edc00000|  0%| F|  |TAMS 0x00000000edb00000| PB 0x00000000edb00000| Untracked |  0
| 220|0x00000000edc00000, 0x00000000edc00000, 0x00000000edd00000|  0%| F|  |TAMS 0x00000000edc00000| PB 0x00000000edc00000| Untracked |  0
| 221|0x00000000edd00000, 0x00000000edd00000, 0x00000000ede00000|  0%| F|  |TAMS 0x00000000edd00000| PB 0x00000000edd00000| Untracked |  0
| 222|0x00000000ede00000, 0x00000000ede00000, 0x00000000edf00000|  0%| F|  |TAMS 0x00000000ede00000| PB 0x00000000ede00000| Untracked |  0
| 223|0x00000000edf00000, 0x00000000edf00000, 0x00000000ee000000|  0%| F|  |TAMS 0x00000000edf00000| PB 0x00000000edf00000| Untracked |  0
| 224|0x00000000ee000000, 0x00000000ee000000, 0x00000000ee100000|  0%| F|  |TAMS 0x00000000ee000000| PB 0x00000000ee000000| Untracked |  0
| 225|0x00000000ee100000, 0x00000000ee100000, 0x00000000ee200000|  0%| F|  |TAMS 0x00000000ee100000| PB 0x00000000ee100000| Untracked |  0
| 226|0x00000000ee200000, 0x00000000ee200000, 0x00000000ee300000|  0%| F|  |TAMS 0x00000000ee200000| PB 0x00000000ee200000| Untracked |  0
| 227|0x00000000ee300000, 0x00000000ee300000, 0x00000000ee400000|  0%| F|  |TAMS 0x00000000ee300000| PB 0x00000000ee300000| Untracked |  0
| 228|0x00000000ee400000, 0x00000000ee400000, 0x00000000ee500000|  0%| F|  |TAMS 0x00000000ee400000| PB 0x00000000ee400000| Untracked |  0
| 229|0x00000000ee500000, 0x00000000ee500000, 0x00000000ee600000|  0%| F|  |TAMS 0x00000000ee500000| PB 0x00000000ee500000| Untracked |  0
| 230|0x00000000ee600000, 0x00000000ee600000, 0x00000000ee700000|  0%| F|  |TAMS 0x00000000ee600000| PB 0x00000000ee600000| Untracked |  0
| 231|0x00000000ee700000, 0x00000000ee700000, 0x00000000ee800000|  0%| F|  |TAMS 0x00000000ee700000| PB 0x00000000ee700000| Untracked |  0
| 232|0x00000000ee800000, 0x00000000ee800000, 0x00000000ee900000|  0%| F|  |TAMS 0x00000000ee800000| PB 0x00000000ee800000| Untracked |  0
| 233|0x00000000ee900000, 0x00000000ee900000, 0x00000000eea00000|  0%| F|  |TAMS 0x00000000ee900000| PB 0x00000000ee900000| Untracked |  0
| 234|0x00000000eea00000, 0x00000000eea00000, 0x00000000eeb00000|  0%| F|  |TAMS 0x00000000eea00000| PB 0x00000000eea00000| Untracked |  0
| 235|0x00000000eeb00000, 0x00000000eeb00000, 0x00000000eec00000|  0%| F|  |TAMS 0x00000000eeb00000| PB 0x00000000eeb00000| Untracked |  0
| 236|0x00000000eec00000, 0x00000000eec00000, 0x00000000eed00000|  0%| F|  |TAMS 0x00000000eec00000| PB 0x00000000eec00000| Untracked |  0
| 237|0x00000000eed00000, 0x00000000eed00000, 0x00000000eee00000|  0%| F|  |TAMS 0x00000000eed00000| PB 0x00000000eed00000| Untracked |  0
| 238|0x00000000eee00000, 0x00000000eee00000, 0x00000000eef00000|  0%| F|  |TAMS 0x00000000eee00000| PB 0x00000000eee00000| Untracked |  0
| 239|0x00000000eef00000, 0x00000000eef00000, 0x00000000ef000000|  0%| F|  |TAMS 0x00000000eef00000| PB 0x00000000eef00000| Untracked |  0
| 240|0x00000000ef000000, 0x00000000ef000000, 0x00000000ef100000|  0%| F|  |TAMS 0x00000000ef000000| PB 0x00000000ef000000| Untracked |  0
| 241|0x00000000ef100000, 0x00000000ef100000, 0x00000000ef200000|  0%| F|  |TAMS 0x00000000ef100000| PB 0x00000000ef100000| Untracked |  0
| 242|0x00000000ef200000, 0x00000000ef200000, 0x00000000ef300000|  0%| F|  |TAMS 0x00000000ef200000| PB 0x00000000ef200000| Untracked |  0
| 243|0x00000000ef300000, 0x00000000ef300000, 0x00000000ef400000|  0%| F|  |TAMS 0x00000000ef300000| PB 0x00000000ef300000| Untracked |  0
| 244|0x00000000ef400000, 0x00000000ef400000, 0x00000000ef500000|  0%| F|  |TAMS 0x00000000ef400000| PB 0x00000000ef400000| Untracked |  0
| 245|0x00000000ef500000, 0x00000000ef500000, 0x00000000ef600000|  0%| F|  |TAMS 0x00000000ef500000| PB 0x00000000ef500000| Untracked |  0
| 246|0x00000000ef600000, 0x00000000ef600000, 0x00000000ef700000|  0%| F|  |TAMS 0x00000000ef600000| PB 0x00000000ef600000| Untracked |  0
| 247|0x00000000ef700000, 0x00000000ef700000, 0x00000000ef800000|  0%| F|  |TAMS 0x00000000ef700000| PB 0x00000000ef700000| Untracked |  0
| 248|0x00000000ef800000, 0x00000000ef800000, 0x00000000ef900000|  0%| F|  |TAMS 0x00000000ef800000| PB 0x00000000ef800000| Untracked |  0
| 249|0x00000000ef900000, 0x00000000ef900000, 0x00000000efa00000|  0%| F|  |TAMS 0x00000000ef900000| PB 0x00000000ef900000| Untracked |  0
| 250|0x00000000efa00000, 0x00000000efa00000, 0x00000000efb00000|  0%| F|  |TAMS 0x00000000efa00000| PB 0x00000000efa00000| Untracked |  0
| 251|0x00000000efb00000, 0x00000000efb00000, 0x00000000efc00000|  0%| F|  |TAMS 0x00000000efb00000| PB 0x00000000efb00000| Untracked |  0
| 252|0x00000000efc00000, 0x00000000efc00000, 0x00000000efd00000|  0%| F|  |TAMS 0x00000000efc00000| PB 0x00000000efc00000| Untracked |  0
| 253|0x00000000efd00000, 0x00000000efd00000, 0x00000000efe00000|  0%| F|  |TAMS 0x00000000efd00000| PB 0x00000000efd00000| Untracked |  0
| 254|0x00000000efe00000, 0x00000000efe741d8, 0x00000000eff00000| 45%| E|  |TAMS 0x00000000efe00000| PB 0x00000000efe00000| Complete |  0
| 255|0x00000000eff00000, 0x00000000f0000000, 0x00000000f0000000|100%| E|CS|TAMS 0x00000000eff00000| PB 0x00000000eff00000| Complete |  0

Card table byte_map: [0x000001f46a4f0000,0x000001f46a5f0000] _byte_map_base: 0x000001f469df0000

Marking Bits: (CMBitMap*) 0x000001f4528ed5a0
 Bits: [0x000001f46a5f0000, 0x000001f46adf0000)

Polling page: 0x000001f452030000

Metaspace:

Usage:
  Non-class:     13.62 MB used.
      Class:      2.26 MB used.
       Both:     15.89 MB used.

Virtual space:
  Non-class space:       64.00 MB reserved,      13.88 MB ( 22%) committed,  1 nodes.
      Class space:      320.00 MB reserved,       2.50 MB ( <1%) committed,  1 nodes.
             Both:      384.00 MB reserved,      16.38 MB (  4%) committed. 

Chunk freelists:
   Non-Class:  2.16 MB
       Class:  13.52 MB
        Both:  15.67 MB

MaxMetaspaceSize: 384.00 MB
CompressedClassSpaceSize: 320.00 MB
Initial GC threshold: 21.00 MB
Current GC threshold: 21.00 MB
CDS: on
 - commit_granule_bytes: 65536.
 - commit_granule_words: 8192.
 - virtual_space_node_default_size: 8388608.
 - enlarge_chunks_in_place: 1.
 - use_allocation_guard: 0.


Internal statistics:

num_allocs_failed_limit: 0.
num_arena_births: 602.
num_arena_deaths: 0.
num_vsnodes_births: 2.
num_vsnodes_deaths: 0.
num_space_committed: 262.
num_space_uncommitted: 0.
num_chunks_returned_to_freelist: 0.
num_chunks_taken_from_freelist: 1139.
num_chunk_merges: 0.
num_chunk_splits: 759.
num_chunks_enlarged: 532.
num_inconsistent_stats: 0.

CodeHeap 'non-profiled nmethods': size=120064Kb used=1033Kb max_used=1033Kb free=119031Kb
 bounds [0x000001f462a60000, 0x000001f462cd0000, 0x000001f469fa0000]
CodeHeap 'profiled nmethods': size=120000Kb used=4318Kb max_used=4318Kb free=115681Kb
 bounds [0x000001f45afa0000, 0x000001f45b3e0000, 0x000001f4624d0000]
CodeHeap 'non-nmethods': size=5696Kb used=1488Kb max_used=1513Kb free=4208Kb
 bounds [0x000001f4624d0000, 0x000001f462740000, 0x000001f462a60000]
CodeCache: size=245760Kb, used=6839Kb, max_used=6864Kb, free=238920Kb
 total_blobs=3468, nmethods=2892, adapters=481, full_count=0
Compilation: enabled, stopped_count=0, restarted_count=0

Compilation events (20 events):
Event: 2.185 Thread 0x000001f46d854400 nmethod 2852 0x000001f45b3c5308 code [0x000001f45b3c59e0, 0x000001f45b3c9b18]
Event: 2.188 Thread 0x000001f46d84b6c0 2853       4       jdk.internal.misc.InternalLock::lock (8 bytes)
Event: 2.191 Thread 0x000001f46d84b6c0 nmethod 2853 0x000001f462b60788 code [0x000001f462b608a0, 0x000001f462b60ae0]
Event: 2.191 Thread 0x000001f46d84b6c0 2854   !   4       java.security.AccessController::doPrivileged (26 bytes)
Event: 2.192 Thread 0x000001f46d84b6c0 nmethod 2854 0x000001f462b60b88 code [0x000001f462b60cc0, 0x000001f462b60e50]
Event: 2.195 Thread 0x000001f46d854400 2856       3       jdk.internal.org.objectweb.asm.FieldVisitor::<init> (78 bytes)
Event: 2.195 Thread 0x000001f46d854400 nmethod 2856 0x000001f45b3c9c08 code [0x000001f45b3c9dc0, 0x000001f45b3ca5a0]
Event: 2.195 Thread 0x000001f46d854400 2855       3       jdk.internal.org.objectweb.asm.FieldWriter::visitEnd (1 bytes)
Event: 2.195 Thread 0x000001f46d854400 nmethod 2855 0x000001f45b3ca608 code [0x000001f45b3ca720, 0x000001f45b3ca828]
Event: 2.195 Thread 0x000001f46d854400 2857       3       jdk.internal.org.objectweb.asm.SymbolTable::putBootstrapMethods (56 bytes)
Event: 2.195 Thread 0x000001f46d854400 nmethod 2857 0x000001f45b3ca908 code [0x000001f45b3caa80, 0x000001f45b3cad98]
Event: 2.197 Thread 0x000001f46d854400 2859       3       java.util.ImmutableCollections$AbstractImmutableSet::<init> (5 bytes)
Event: 2.197 Thread 0x000001f46d854400 nmethod 2859 0x000001f45b3cae08 code [0x000001f45b3caf40, 0x000001f45b3cb168]
Event: 2.197 Thread 0x000001f46d854400 2858       3       java.lang.invoke.DirectMethodHandle::make (275 bytes)
Event: 2.198 Thread 0x000001f46d854400 nmethod 2858 0x000001f45b3cb208 code [0x000001f45b3cb520, 0x000001f45b3cc840]
Event: 2.200 Thread 0x000001f46d84b6c0 2860       4       sun.invoke.util.VerifyType::isNullConversion (157 bytes)
Event: 2.201 Thread 0x000001f46d854400 2861       3       java.lang.invoke.BoundMethodHandle::speciesDataFor (34 bytes)
Event: 2.201 Thread 0x000001f46d854400 nmethod 2861 0x000001f45b3cc888 code [0x000001f45b3cc9c0, 0x000001f45b3ccd00]
Event: 2.201 Thread 0x000001f46d854400 2862       3       java.lang.invoke.LambdaFormEditor::oldSpeciesData (8 bytes)
Event: 2.202 Thread 0x000001f46d854400 nmethod 2862 0x000001f45b3ccd88 code [0x000001f45b3ccec0, 0x000001f45b3cd280]

GC Heap History (6 events):
Event: 0.364 GC heap before
{Heap before GC invocations=0 (full 0):
 garbage-first heap   total reserved 524288K, committed 262144K, used 23552K [0x00000000e0000000, 0x0000000100000000)
  region size 1024K, 24 young (24576K), 0 survivors (0K)
 Metaspace       used 1111K, committed 1216K, reserved 393216K
  class space    used 83K, committed 128K, reserved 327680K
}
Event: 0.369 GC heap after
{Heap after GC invocations=1 (full 0):
 garbage-first heap   total reserved 524288K, committed 262144K, used 4975K [0x00000000e0000000, 0x0000000100000000)
  region size 1024K, 3 young (3072K), 3 survivors (3072K)
 Metaspace       used 1111K, committed 1216K, reserved 393216K
  class space    used 83K, committed 128K, reserved 327680K
}
Event: 0.803 GC heap before
{Heap before GC invocations=1 (full 0):
 garbage-first heap   total reserved 524288K, committed 262144K, used 30575K [0x00000000e0000000, 0x0000000100000000)
  region size 1024K, 26 young (26624K), 3 survivors (3072K)
 Metaspace       used 4595K, committed 4800K, reserved 393216K
  class space    used 602K, committed 704K, reserved 327680K
}
Event: 0.809 GC heap after
{Heap after GC invocations=2 (full 0):
 garbage-first heap   total reserved 524288K, committed 262144K, used 11261K [0x00000000e0000000, 0x0000000100000000)
  region size 1024K, 4 young (4096K), 4 survivors (4096K)
 Metaspace       used 4595K, committed 4800K, reserved 393216K
  class space    used 602K, committed 704K, reserved 327680K
}
Event: 1.172 GC heap before
{Heap before GC invocations=2 (full 0):
 garbage-first heap   total reserved 524288K, committed 262144K, used 53245K [0x00000000e0000000, 0x0000000100000000)
  region size 1024K, 44 young (45056K), 4 survivors (4096K)
 Metaspace       used 4709K, committed 4928K, reserved 393216K
  class space    used 604K, committed 704K, reserved 327680K
}
Event: 1.177 GC heap after
{Heap after GC invocations=3 (full 0):
 garbage-first heap   total reserved 524288K, committed 262144K, used 16465K [0x00000000e0000000, 0x0000000100000000)
  region size 1024K, 4 young (4096K), 4 survivors (4096K)
 Metaspace       used 4709K, committed 4928K, reserved 393216K
  class space    used 604K, committed 704K, reserved 327680K
}

Dll operation events (15 events):
Event: 0.008 Loaded shared library C:\Program Files\Java\jdk-23.0.2\bin\java.dll
Event: 0.048 Loaded shared library C:\Program Files\Java\jdk-23.0.2\bin\jsvml.dll
Event: 0.084 Loaded shared library C:\Program Files\Java\jdk-23.0.2\bin\zip.dll
Event: 0.087 Loaded shared library C:\Program Files\Java\jdk-23.0.2\bin\instrument.dll
Event: 0.091 Loaded shared library C:\Program Files\Java\jdk-23.0.2\bin\net.dll
Event: 0.093 Loaded shared library C:\Program Files\Java\jdk-23.0.2\bin\nio.dll
Event: 0.095 Loaded shared library C:\Program Files\Java\jdk-23.0.2\bin\zip.dll
Event: 0.287 Loaded shared library C:\Program Files\Java\jdk-23.0.2\bin\jimage.dll
Event: 0.404 Loaded shared library C:\Program Files\Java\jdk-23.0.2\bin\verify.dll
Event: 0.552 Loaded shared library C:\Users\86745\.gradle\native\1def1411415f61bf3af743bc5b6707747c0891f09f0c88961ee8f79bc544acac\windows-amd64\native-platform.dll
Event: 0.557 Loaded shared library C:\Users\86745\.gradle\native\0.2.6\x86_64-windows-gnu\gradle-fileevents.dll
Event: 1.422 Loaded shared library C:\Program Files\Java\jdk-23.0.2\bin\management.dll
Event: 1.425 Loaded shared library C:\Program Files\Java\jdk-23.0.2\bin\management_ext.dll
Event: 1.525 Loaded shared library C:\Program Files\Java\jdk-23.0.2\bin\extnet.dll
Event: 1.700 Loaded shared library C:\Program Files\Java\jdk-23.0.2\bin\sunmscapi.dll

Deoptimization events (20 events):
Event: 1.944 Thread 0x000001f41a80a1e0 DEOPT PACKING pc=0x000001f462b490ec sp=0x0000002f4fbfca10
Event: 1.944 Thread 0x000001f41a80a1e0 DEOPT UNPACKING pc=0x000001f462524402 sp=0x0000002f4fbfc9a0 mode 2
Event: 2.008 Thread 0x000001f41a80a1e0 Uncommon trap: trap_request=0xffffff45 fr.pc=0x000001f462b4a2bc relative=0x0000000000000e7c
Event: 2.008 Thread 0x000001f41a80a1e0 Uncommon trap: reason=unstable_if action=reinterpret pc=0x000001f462b4a2bc method=java.lang.invoke.LambdaForm$Name.replaceNames([Ljava/lang/invoke/LambdaForm$Name;[Ljava/lang/invoke/LambdaForm$Name;II)Ljava/lang/invoke/LambdaForm$Name; @ 3 c2
Event: 2.008 Thread 0x000001f41a80a1e0 DEOPT PACKING pc=0x000001f462b4a2bc sp=0x0000002f4fbfd350
Event: 2.008 Thread 0x000001f41a80a1e0 DEOPT UNPACKING pc=0x000001f462524402 sp=0x0000002f4fbfd318 mode 2
Event: 2.125 Thread 0x000001f41b3a48f0 Uncommon trap: trap_request=0xffffff45 fr.pc=0x000001f462b2b6ec relative=0x000000000000016c
Event: 2.125 Thread 0x000001f41b3a48f0 Uncommon trap: reason=unstable_if action=reinterpret pc=0x000001f462b2b6ec method=java.util.concurrent.locks.ReentrantLock$NonfairSync.initialTryLock()Z @ 25 c2
Event: 2.125 Thread 0x000001f41b3a48f0 DEOPT PACKING pc=0x000001f462b2b6ec sp=0x0000002f500ff290
Event: 2.125 Thread 0x000001f41b3a48f0 DEOPT UNPACKING pc=0x000001f462524402 sp=0x0000002f500ff230 mode 2
Event: 2.137 Thread 0x000001f41a80a1e0 DEOPT PACKING pc=0x000001f45b0409b5 sp=0x0000002f4fbfabb0
Event: 2.137 Thread 0x000001f41a80a1e0 DEOPT UNPACKING pc=0x000001f462524b22 sp=0x0000002f4fbfa048 mode 0
Event: 2.179 Thread 0x000001f41a80a1e0 Uncommon trap: trap_request=0xffffff45 fr.pc=0x000001f462a82570 relative=0x0000000000000a50
Event: 2.179 Thread 0x000001f41a80a1e0 Uncommon trap: reason=unstable_if action=reinterpret pc=0x000001f462a82570 method=java.io.WinNTFileSystem.resolve(Ljava/lang/String;Ljava/lang/String;)Ljava/lang/String; @ 42 c2
Event: 2.179 Thread 0x000001f41a80a1e0 DEOPT PACKING pc=0x000001f462a82570 sp=0x0000002f4fbfb670
Event: 2.179 Thread 0x000001f41a80a1e0 DEOPT UNPACKING pc=0x000001f462524402 sp=0x0000002f4fbfb618 mode 2
Event: 2.181 Thread 0x000001f41a80a1e0 Uncommon trap: trap_request=0xffffff45 fr.pc=0x000001f462a9ea54 relative=0x0000000000000594
Event: 2.181 Thread 0x000001f41a80a1e0 Uncommon trap: reason=unstable_if action=reinterpret pc=0x000001f462a9ea54 method=java.io.File.getName()Ljava/lang/String; @ 16 c2
Event: 2.181 Thread 0x000001f41a80a1e0 DEOPT PACKING pc=0x000001f462a9ea54 sp=0x0000002f4fbfb660
Event: 2.181 Thread 0x000001f41a80a1e0 DEOPT UNPACKING pc=0x000001f462524402 sp=0x0000002f4fbfb630 mode 2

Classes loaded (20 events):
Event: 2.121 Loading class sun/misc/Unsafe
Event: 2.121 Loading class sun/misc/Unsafe done
Event: 2.121 Loading class sun/misc/Unsafe$MemoryAccessOption
Event: 2.121 Loading class sun/misc/Unsafe$MemoryAccessOption done
Event: 2.125 Loading class java/net/DatagramPacket
Event: 2.126 Loading class java/net/DatagramPacket done
Event: 2.126 Loading class sun/nio/ch/DatagramChannelImpl$DatagramPackets
Event: 2.126 Loading class sun/nio/ch/DatagramChannelImpl$DatagramPackets done
Event: 2.157 Loading class sun/security/provider/MD5
Event: 2.157 Loading class sun/security/provider/MD5 done
Event: 2.157 Loading class sun/security/provider/SHA5$SHA512
Event: 2.157 Loading class sun/security/provider/SHA5
Event: 2.157 Loading class sun/security/provider/SHA5 done
Event: 2.157 Loading class sun/security/provider/SHA5$SHA512 done
Event: 2.158 Loading class sun/security/provider/ByteArrayAccess$LE
Event: 2.158 Loading class sun/security/provider/ByteArrayAccess$LE done
Event: 2.180 Loading class java/io/File$TempDirectory
Event: 2.180 Loading class java/io/File$TempDirectory done
Event: 2.183 Loading class java/io/PrintWriter
Event: 2.184 Loading class java/io/PrintWriter done

Classes unloaded (0 events):
No events

Classes redefined (0 events):
No events

Internal exceptions (20 events):
Event: 1.599 Thread 0x000001f450605450 Exception <a 'java/lang/NoSuchMethodError'{0x00000000ee7191a0}: 'java.lang.Object java.lang.invoke.DirectMethodHandle$Holder.invokeStaticInit(java.lang.Object, int, int, int, int)'> (0x00000000ee7191a0) 
thrown [s\open\src\hotspot\share\interpreter\linkResolver.cpp, line 796]
Event: 1.618 Thread 0x000001f450605450 Exception <a 'java/lang/NoSuchMethodError'{0x00000000ee7b75c0}: 'java.lang.Object java.lang.invoke.DirectMethodHandle$Holder.invokeStaticInit(java.lang.Object, java.lang.Object, int, int, int, int)'> (0x00000000ee7b75c0) 
thrown [s\open\src\hotspot\share\interpreter\linkResolver.cpp, line 796]
Event: 1.659 Thread 0x000001f450605450 Exception <a 'java/lang/NoSuchMethodError'{0x00000000ee5db2d8}: 'int java.lang.invoke.DirectMethodHandle$Holder.invokeStatic(java.lang.Object, int, java.lang.Object)'> (0x00000000ee5db2d8) 
thrown [s\open\src\hotspot\share\interpreter\linkResolver.cpp, line 796]
Event: 1.665 Thread 0x000001f450605450 Exception <a 'java/io/IOException'{0x00000000ee4085d0}> (0x00000000ee4085d0) 
thrown [s\open\src\hotspot\share\prims\jni.cpp, line 520]
Event: 1.670 Thread 0x000001f450605450 Implicit null exception at 0x000001f462aa2f14 to 0x000001f462aa3558
Event: 1.818 Thread 0x000001f41a80a1e0 Exception <a 'java/lang/NoSuchMethodError'{0x00000000edbd3ef0}: 'long java.lang.invoke.DirectMethodHandle$Holder.invokeInterface(java.lang.Object, java.lang.Object)'> (0x00000000edbd3ef0) 
thrown [s\open\src\hotspot\share\interpreter\linkResolver.cpp, line 796]
Event: 1.881 Thread 0x000001f41a80a1e0 Exception <a 'java/lang/NoSuchMethodError'{0x00000000ed6318e8}: 'void java.lang.invoke.DirectMethodHandle$Holder.invokeStatic(java.lang.Object, java.lang.Object)'> (0x00000000ed6318e8) 
thrown [s\open\src\hotspot\share\interpreter\linkResolver.cpp, line 796]
Event: 1.887 Thread 0x000001f41a80a1e0 Exception <a 'java/lang/NoSuchMethodError'{0x00000000ed675af8}: 'java.lang.Object java.lang.invoke.DirectMethodHandle$Holder.invokeVirtual(java.lang.Object, java.lang.Object, java.lang.Object, java.lang.Object, java.lang.Object, java.lang.Object, java.lang.Object, java.lang.Object, java.lang.Object, java.lang.Object, java.lang.Object, java.lang.Object)'> (0x00000000ed675af8) 
thrown [s\open\src\hotspot\share\interpreter\linkResolver.cpp, line 796]
Event: 1.887 Thread 0x000001f41a80a1e0 Exception <a 'java/lang/NoSuchMethodError'{0x00000000ed67ab28}: 'java.lang.Object java.lang.invoke.DirectMethodHandle$Holder.invokeSpecial(java.lang.Object, java.lang.Object, java.lang.Object, java.lang.Object, java.lang.Object, java.lang.Object, java.lang.Object, java.lang.Object, java.lang.Object, java.lang.Object, java.lang.Object, java.lang.Object, java.lang.Object)'> (0x00000000ed67ab28) 
thrown [s\open\src\hotspot\share\interpreter\linkResolver.cpp, line 796]
Event: 1.921 Thread 0x000001f41a80a1e0 Exception <a 'java/lang/NoSuchMethodError'{0x00000000ed472df8}: 'int java.lang.invoke.DirectMethodHandle$Holder.invokeVirtual(java.lang.Object, java.lang.Object, java.lang.Object)'> (0x00000000ed472df8) 
thrown [s\open\src\hotspot\share\interpreter\linkResolver.cpp, line 796]
Event: 1.958 Thread 0x000001f41a80a1e0 Exception <a 'java/lang/NoSuchMethodError'{0x00000000eced2ab8}: 'java.lang.Object java.lang.invoke.DirectMethodHandle$Holder.newInvokeSpecial(java.lang.Object, java.lang.Object, java.lang.Object, java.lang.Object, java.lang.Object, java.lang.Object)'> (0x00000000eced2ab8) 
thrown [s\open\src\hotspot\share\interpreter\linkResolver.cpp, line 796]
Event: 2.005 Thread 0x000001f41a80a1e0 Exception <a 'java/lang/NoSuchMethodError'{0x00000000ecb93f98}: 'void java.lang.invoke.DelegatingMethodHandle$Holder.reinvoke_L(java.lang.Object, java.lang.Object, java.lang.Object, java.lang.Object, java.lang.Object, java.lang.Object, java.lang.Object, java.lang.Object, java.lang.Object, java.lang.Object)'> (0x00000000ecb93f98) 
thrown [s\open\src\hotspot\share\interpreter\linkResolver.cpp, line 796]
Event: 2.006 Thread 0x000001f41a80a1e0 Exception <a 'java/lang/NoSuchMethodError'{0x00000000ecb9ba88}: 'java.lang.Object java.lang.invoke.Invokers$Holder.invoker(java.lang.Object, java.lang.Object, java.lang.Object, java.lang.Object, java.lang.Object, java.lang.Object, java.lang.Object, java.lang.Object, java.lang.Object, java.lang.Object)'> (0x00000000ecb9ba88) 
thrown [s\open\src\hotspot\share\interpreter\linkResolver.cpp, line 796]
Event: 2.072 Thread 0x000001f41a80a1e0 Exception <a 'java/lang/NoSuchMethodError'{0x00000000ec7e9c68}: 'void java.lang.invoke.DirectMethodHandle$Holder.invokeVirtual(java.lang.Object, java.lang.Object, java.lang.Object, java.lang.Object, java.lang.Object)'> (0x00000000ec7e9c68) 
thrown [s\open\src\hotspot\share\interpreter\linkResolver.cpp, line 796]
Event: 2.073 Thread 0x000001f41a80a1e0 Exception <a 'java/lang/NoSuchMethodError'{0x00000000ec7edad8}: 'void java.lang.invoke.DirectMethodHandle$Holder.invokeSpecial(java.lang.Object, java.lang.Object, java.lang.Object, java.lang.Object, java.lang.Object, java.lang.Object)'> (0x00000000ec7edad8) 
thrown [s\open\src\hotspot\share\interpreter\linkResolver.cpp, line 796]
Event: 2.101 Thread 0x000001f41a80a1e0 Exception <a 'java/lang/NoSuchMethodError'{0x00000000ec5d8590}: 'void java.lang.invoke.DirectMethodHandle$Holder.invokeInterface(java.lang.Object, java.lang.Object)'> (0x00000000ec5d8590) 
thrown [s\open\src\hotspot\share\interpreter\linkResolver.cpp, line 796]
Event: 2.101 Thread 0x000001f41a80a1e0 Exception <a 'java/lang/IncompatibleClassChangeError'{0x00000000ec5dbb18}: Found class java.lang.Object, but interface was expected> (0x00000000ec5dbb18) 
thrown [s\open\src\hotspot\share\interpreter\linkResolver.cpp, line 863]
Event: 2.119 Thread 0x000001f41a80a1e0 Exception <a 'java/lang/NoSuchMethodError'{0x00000000ec370120}: 'java.lang.Object java.lang.invoke.DirectMethodHandle$Holder.newInvokeSpecial(java.lang.Object, java.lang.Object, int)'> (0x00000000ec370120) 
thrown [s\open\src\hotspot\share\interpreter\linkResolver.cpp, line 796]
Event: 2.165 Thread 0x000001f41a80a1e0 Exception <a 'java/lang/NoSuchMethodError'{0x00000000ec0ac2a0}: 'java.lang.Object java.lang.invoke.DirectMethodHandle$Holder.invokeVirtual(java.lang.Object, java.lang.Object, java.lang.Object, java.lang.Object, java.lang.Object, java.lang.Object, java.lang.Object, java.lang.Object)'> (0x00000000ec0ac2a0) 
thrown [s\open\src\hotspot\share\interpreter\linkResolver.cpp, line 796]
Event: 2.174 Thread 0x000001f41a80a1e0 Exception <a 'java/lang/NoSuchMethodError'{0x00000000ebf27338}: 'java.lang.Object java.lang.invoke.Invokers$Holder.invoker(java.lang.Object, java.lang.Object)'> (0x00000000ebf27338) 
thrown [s\open\src\hotspot\share\interpreter\linkResolver.cpp, line 796]

VM Operations (20 events):
Event: 1.383 Executing VM operation: HandshakeAllThreads (Deoptimize)
Event: 1.383 Executing VM operation: HandshakeAllThreads (Deoptimize) done
Event: 1.450 Executing VM operation: HandshakeAllThreads (Deoptimize)
Event: 1.450 Executing VM operation: HandshakeAllThreads (Deoptimize) done
Event: 1.453 Executing VM operation: HandshakeAllThreads (Deoptimize)
Event: 1.453 Executing VM operation: HandshakeAllThreads (Deoptimize) done
Event: 1.453 Executing VM operation: HandshakeAllThreads (Deoptimize)
Event: 1.453 Executing VM operation: HandshakeAllThreads (Deoptimize) done
Event: 1.484 Executing VM operation: HandshakeAllThreads (Deoptimize)
Event: 1.484 Executing VM operation: HandshakeAllThreads (Deoptimize) done
Event: 1.537 Executing VM operation: HandshakeAllThreads (Deoptimize)
Event: 1.537 Executing VM operation: HandshakeAllThreads (Deoptimize) done
Event: 1.575 Executing VM operation: HandshakeAllThreads (Deoptimize)
Event: 1.575 Executing VM operation: HandshakeAllThreads (Deoptimize) done
Event: 1.607 Executing VM operation: HandshakeAllThreads (Deoptimize)
Event: 1.607 Executing VM operation: HandshakeAllThreads (Deoptimize) done
Event: 1.685 Executing VM operation: HandshakeAllThreads (Deoptimize)
Event: 1.685 Executing VM operation: HandshakeAllThreads (Deoptimize) done
Event: 2.117 Executing VM operation: HandshakeAllThreads (Deoptimize)
Event: 2.117 Executing VM operation: HandshakeAllThreads (Deoptimize) done

Memory protections (0 events):
No events

Nmethod flushes (0 events):
No events

Events (20 events):
Event: 0.046 Thread 0x000001f450605450 Thread added: 0x000001f46d84a930
Event: 0.046 Thread 0x000001f450605450 Thread added: 0x000001f46d84b6c0
Event: 0.046 Thread 0x000001f450605450 Thread added: 0x000001f46d854400
Event: 0.065 Thread 0x000001f450605450 Thread added: 0x000001f4150805a0
Event: 0.106 Thread 0x000001f450605450 Thread added: 0x000001f415370780
Event: 0.282 Thread 0x000001f46d854400 Thread added: 0x000001f4153db6d0
Event: 0.286 Thread 0x000001f46d84b6c0 Thread added: 0x000001f415483370
Event: 1.454 Thread 0x000001f450605450 Thread added: 0x000001f41b097db0
Event: 1.632 Thread 0x000001f450605450 Thread added: 0x000001f41b23d030
Event: 1.682 Thread 0x000001f450605450 Thread added: 0x000001f41b243100
Event: 1.723 Thread 0x000001f41b23d030 Thread added: 0x000001f41b2f1d20
Event: 1.727 Thread 0x000001f41b2f1d20 Thread added: 0x000001f41b2bd810
Event: 1.762 Thread 0x000001f41b2f1d20 Thread added: 0x000001f41b155fb0
Event: 1.769 Thread 0x000001f41b2f1d20 Thread added: 0x000001f41a80a1e0
Event: 1.778 Thread 0x000001f41a80a1e0 Thread added: 0x000001f41a8094c0
Event: 1.781 Thread 0x000001f41a80a1e0 Thread added: 0x000001f41a8087a0
Event: 1.783 Thread 0x000001f41a80a1e0 Thread added: 0x000001f41a808e30
Event: 2.118 Thread 0x000001f41a80a1e0 Thread added: 0x000001f41b3a2820
Event: 2.125 Thread 0x000001f41a80a1e0 Thread added: 0x000001f41b3a48f0
Event: 2.152 Thread 0x000001f41a80a1e0 Thread added: 0x000001f41b3a2eb0


Dynamic libraries:
0x00007ff600230000 - 0x00007ff60023e000 	C:\Program Files\Java\jdk-23.0.2\bin\java.exe
0x00007fffca1f0000 - 0x00007fffca407000 	C:\windows\SYSTEM32\ntdll.dll
0x00007fffc85b0000 - 0x00007fffc8674000 	C:\windows\System32\KERNEL32.DLL
0x00007fffc7600000 - 0x00007fffc79ad000 	C:\windows\System32\KERNELBASE.dll
0x00007fffc7bf0000 - 0x00007fffc7d01000 	C:\windows\System32\ucrtbase.dll
0x00007fff95380000 - 0x00007fff95397000 	C:\Program Files\Java\jdk-23.0.2\bin\jli.dll
0x00007fff946e0000 - 0x00007fff946fb000 	C:\Program Files\Java\jdk-23.0.2\bin\VCRUNTIME140.dll
0x00007fffc8d30000 - 0x00007fffc8ede000 	C:\windows\System32\USER32.dll
0x00007fffc75d0000 - 0x00007fffc75f6000 	C:\windows\System32\win32u.dll
0x00007fffb47b0000 - 0x00007fffb4a43000 	C:\windows\WinSxS\amd64_microsoft.windows.common-controls_6595b64144ccf1df_6.0.22621.3672_none_2713b9d173822955\COMCTL32.dll
0x00007fffc8540000 - 0x00007fffc8569000 	C:\windows\System32\GDI32.dll
0x00007fffc8ee0000 - 0x00007fffc8f87000 	C:\windows\System32\msvcrt.dll
0x00007fffc7e00000 - 0x00007fffc7f19000 	C:\windows\System32\gdi32full.dll
0x00007fffc79b0000 - 0x00007fffc7a4a000 	C:\windows\System32\msvcp_win.dll
0x00007fffc8570000 - 0x00007fffc85a1000 	C:\windows\System32\IMM32.DLL
0x00007fffc7370000 - 0x00007fffc73aa000 	C:\Program Files\Citrix\HDX\bin\MfApHook.dll
0x00007fffc72b0000 - 0x00007fffc72c0000 	C:\Program Files\Citrix\HDX\bin\FullScreenHook.dll
0x00007fffc80e0000 - 0x00007fffc8192000 	C:\windows\System32\ADVAPI32.dll
0x00007fffca100000 - 0x00007fffca1a9000 	C:\windows\System32\sechost.dll
0x00007fffc7a50000 - 0x00007fffc7a78000 	C:\windows\System32\bcrypt.dll
0x00007fffc8680000 - 0x00007fffc8794000 	C:\windows\System32\RPCRT4.dll
0x00007fff8db40000 - 0x00007fff8dbce000 	C:\Program Files\Java\jdk-23.0.2\bin\MSVCP140.dll
0x00007fffa1520000 - 0x00007fffa152c000 	C:\Program Files\Java\jdk-23.0.2\bin\VCRUNTIME140_1.dll
0x00007fffc6f80000 - 0x00007fffc6fad000 	C:\Program Files\Citrix\HDX\bin\ShellHook.dll
0x00007fffc91f0000 - 0x00007fffc924e000 	C:\windows\System32\SHLWAPI.dll
0x00007fffc6e30000 - 0x00007fffc6f59000 	C:\Program Files\Citrix\HDX\bin\SCardHook.dll
0x00007fffc6d90000 - 0x00007fffc6daf000 	C:\Program Files\Citrix\HDX\bin\CxInjIme.dll
0x00007fffc6d60000 - 0x00007fffc6d88000 	C:\Program Files\Citrix\HDX\bin\PicaWtsHook.dll
0x00007fff72fe0000 - 0x00007fff73d30000 	C:\Program Files\Java\jdk-23.0.2\bin\server\jvm.dll
0x00007fffc94e0000 - 0x00007fffc9551000 	C:\windows\System32\WS2_32.dll
0x00007fffc73d0000 - 0x00007fffc741d000 	C:\windows\SYSTEM32\POWRPROF.dll
0x00007fffc2200000 - 0x00007fffc2234000 	C:\windows\SYSTEM32\WINMM.dll
0x00007fffc7060000 - 0x00007fffc706a000 	C:\windows\SYSTEM32\VERSION.dll
0x00007fffc73b0000 - 0x00007fffc73c3000 	C:\windows\SYSTEM32\UMPDC.dll
0x00007fffc6150000 - 0x00007fffc6168000 	C:\windows\SYSTEM32\kernel.appcore.dll
0x00007fff9cb10000 - 0x00007fff9cb1a000 	C:\Program Files\Java\jdk-23.0.2\bin\jimage.dll
0x00007fffc4640000 - 0x00007fffc4872000 	C:\windows\SYSTEM32\DBGHELP.DLL
0x00007fffc81b0000 - 0x00007fffc853d000 	C:\windows\System32\combase.dll
0x00007fffc9250000 - 0x00007fffc9327000 	C:\windows\System32\OLEAUT32.dll
0x00007fffa52a0000 - 0x00007fffa52d2000 	C:\windows\SYSTEM32\dbgcore.DLL
0x00007fffc7d10000 - 0x00007fffc7d8b000 	C:\windows\System32\bcryptPrimitives.dll
0x00007fff9c850000 - 0x00007fff9c85f000 	C:\Program Files\Java\jdk-23.0.2\bin\instrument.dll
0x00007fff93bf0000 - 0x00007fff93c0e000 	C:\Program Files\Java\jdk-23.0.2\bin\java.dll
0x00007fffc9330000 - 0x00007fffc94d5000 	C:\windows\System32\ole32.dll
0x00007fffc9810000 - 0x00007fffca078000 	C:\windows\System32\SHELL32.dll
0x00007fffc4ac0000 - 0x00007fffc53be000 	C:\windows\SYSTEM32\windows.storage.dll
0x00007fffc4880000 - 0x00007fffc49bf000 	C:\windows\SYSTEM32\wintypes.dll
0x00007fffc90f0000 - 0x00007fffc91e9000 	C:\windows\System32\SHCORE.dll
0x00007fffc7440000 - 0x00007fffc7461000 	C:\windows\SYSTEM32\profapi.dll
0x00007fff86f10000 - 0x00007fff86fe7000 	C:\Program Files\Java\jdk-23.0.2\bin\jsvml.dll
0x00007fff92670000 - 0x00007fff92687000 	C:\Program Files\Java\jdk-23.0.2\bin\zip.dll
0x00007fff9c820000 - 0x00007fff9c830000 	C:\Program Files\Java\jdk-23.0.2\bin\net.dll
0x00007fffc65c0000 - 0x00007fffc6629000 	C:\windows\system32\mswsock.dll
0x00007fff920f0000 - 0x00007fff92106000 	C:\Program Files\Java\jdk-23.0.2\bin\nio.dll
0x00007fffbcb00000 - 0x00007fffbcb10000 	C:\Program Files\Java\jdk-23.0.2\bin\verify.dll
0x00007fff973d0000 - 0x00007fff973f7000 	C:\Users\86745\.gradle\native\1def1411415f61bf3af743bc5b6707747c0891f09f0c88961ee8f79bc544acac\windows-amd64\native-platform.dll
0x00007fff8dff0000 - 0x00007fff8e068000 	C:\Users\86745\.gradle\native\0.2.6\x86_64-windows-gnu\gradle-fileevents.dll
0x00007fffbcaf0000 - 0x00007fffbcafa000 	C:\Program Files\Java\jdk-23.0.2\bin\management.dll
0x00007fffafaa0000 - 0x00007fffafaab000 	C:\Program Files\Java\jdk-23.0.2\bin\management_ext.dll
0x00007fffc88a0000 - 0x00007fffc88a8000 	C:\windows\System32\PSAPI.DLL
0x00007fffc59e0000 - 0x00007fffc5a0d000 	C:\windows\SYSTEM32\IPHLPAPI.DLL
0x00007fffc80d0000 - 0x00007fffc80d9000 	C:\windows\System32\NSI.dll
0x00007fffafa90000 - 0x00007fffafa99000 	C:\Program Files\Java\jdk-23.0.2\bin\extnet.dll
0x00007fffc6820000 - 0x00007fffc683b000 	C:\windows\SYSTEM32\CRYPTSP.dll
0x00007fffc60b0000 - 0x00007fffc60e5000 	C:\windows\system32\rsaenh.dll
0x00007fffc66c0000 - 0x00007fffc66e8000 	C:\windows\SYSTEM32\USERENV.dll
0x00007fffc6840000 - 0x00007fffc684c000 	C:\windows\SYSTEM32\CRYPTBASE.dll
0x00007fffa9bd0000 - 0x00007fffa9bde000 	C:\Program Files\Java\jdk-23.0.2\bin\sunmscapi.dll
0x00007fffc7a80000 - 0x00007fffc7be7000 	C:\windows\System32\CRYPT32.dll
0x00007fffc6a50000 - 0x00007fffc6a7e000 	C:\windows\SYSTEM32\ncrypt.dll
0x00007fffc6a10000 - 0x00007fffc6a47000 	C:\windows\SYSTEM32\NTASN1.dll
0x00007fffa3ed0000 - 0x00007fffa3ed8000 	C:\windows\system32\wshunix.dll

dbghelp: loaded successfully - version: 4.0.5 - missing functions: none
symbol engine: initialized successfully - sym options: 0x614 - pdb path: .;C:\Program Files\Java\jdk-23.0.2\bin;C:\windows\SYSTEM32;C:\windows\WinSxS\amd64_microsoft.windows.common-controls_6595b64144ccf1df_6.0.22621.3672_none_2713b9d173822955;C:\Program Files\Citrix\HDX\bin;C:\Program Files\Java\jdk-23.0.2\bin\server;C:\Users\86745\.gradle\native\1def1411415f61bf3af743bc5b6707747c0891f09f0c88961ee8f79bc544acac\windows-amd64;C:\Users\86745\.gradle\native\0.2.6\x86_64-windows-gnu

VM Arguments:
jvm_args: --add-opens=java.base/java.lang=ALL-UNNAMED --add-opens=java.base/java.lang.invoke=ALL-UNNAMED --add-opens=java.base/java.util=ALL-UNNAMED --add-opens=java.prefs/java.util.prefs=ALL-UNNAMED --add-exports=jdk.compiler/com.sun.tools.javac.api=ALL-UNNAMED --add-exports=jdk.compiler/com.sun.tools.javac.util=ALL-UNNAMED --add-opens=java.base/java.util=ALL-UNNAMED --add-opens=java.prefs/java.util.prefs=ALL-UNNAMED --add-opens=java.base/java.nio.charset=ALL-UNNAMED --add-opens=java.base/java.net=ALL-UNNAMED --add-opens=java.base/java.util.concurrent.atomic=ALL-UNNAMED --add-opens=java.xml/javax.xml.namespace=ALL-UNNAMED -XX:MaxMetaspaceSize=384m -XX:+HeapDumpOnOutOfMemoryError -Xms256m -Xmx512m -Dfile.encoding=UTF-8 -Duser.country=KR -Duser.language=ko -Duser.variant -javaagent:C:\Users\86745\.gradle\wrapper\dists\gradle-8.12.1-bin\eumc4uhoysa37zql93vfjkxy0\gradle-8.12.1\lib\agents\gradle-instrumentation-agent-8.12.1.jar 
java_command: org.gradle.launcher.daemon.bootstrap.GradleDaemon 8.12.1
java_class_path (initial): C:\Users\86745\.gradle\wrapper\dists\gradle-8.12.1-bin\eumc4uhoysa37zql93vfjkxy0\gradle-8.12.1\lib\gradle-daemon-main-8.12.1.jar
Launcher Type: SUN_STANDARD

[Global flags]
     intx CICompilerCount                          = 4                                         {product} {ergonomic}
   size_t CompressedClassSpaceSize                 = 335544320                                 {product} {ergonomic}
     uint ConcGCThreads                            = 2                                         {product} {ergonomic}
     uint G1ConcRefinementThreads                  = 8                                         {product} {ergonomic}
   size_t G1HeapRegionSize                         = 1048576                                   {product} {ergonomic}
     bool HeapDumpOnOutOfMemoryError               = true                                   {manageable} {command line}
   size_t InitialHeapSize                          = 268435456                                 {product} {command line}
   size_t MarkStackSize                            = 4194304                                   {product} {ergonomic}
   size_t MarkStackSizeMax                         = 536870912                                 {product} {ergonomic}
   size_t MaxHeapSize                              = 536870912                                 {product} {command line}
   size_t MaxMetaspaceSize                         = 402653184                                 {product} {command line}
   size_t MaxNewSize                               = 321912832                                 {product} {ergonomic}
   size_t MinHeapDeltaBytes                        = 1048576                                   {product} {ergonomic}
   size_t MinHeapSize                              = 268435456                                 {product} {command line}
    uintx NonNMethodCodeHeapSize                   = 5832704                                {pd product} {ergonomic}
    uintx NonProfiledCodeHeapSize                  = 122945536                              {pd product} {ergonomic}
    uintx ProfiledCodeHeapSize                     = 122880000                              {pd product} {ergonomic}
    uintx ReservedCodeCacheSize                    = 251658240                              {pd product} {ergonomic}
     bool SegmentedCodeCache                       = true                                      {product} {ergonomic}
   size_t SoftMaxHeapSize                          = 536870912                              {manageable} {ergonomic}
     bool UseCompressedOops                        = true                           {product lp64_product} {ergonomic}
     bool UseG1GC                                  = true                                      {product} {ergonomic}
     bool UseLargePagesIndividualAllocation        = false                                  {pd product} {ergonomic}

Logging:
Log output configuration:
 #0: stdout all=warning uptime,level,tags foldmultilines=false
 #1: stderr all=off uptime,level,tags foldmultilines=false

Environment Variables:
JAVA_HOME=C:\Program Files\Java\jdk-23.0.2
PATH=C:\windows\system32;C:\windows;C:\windows\System32\Wbem;C:\windows\System32\WindowsPowerShell\v1.0\;C:\windows\System32\OpenSSH\;C:\Program Files (x86)\Citrix\HDX\bin\;C:\Program Files\Citrix\HDX\bin\;C:\Program Files\Java\jdk-23.0.2\bin;C:\Program Files\MariaDB\bin;C:\Program Files\Git\cmd;C:\Users\86745\AppData\Local\Microsoft\WindowsApps;C:\Users\86745\AppData\Local\Programs\Microsoft VS Code\bin;C:\Program Files\JetBrains\IntelliJ IDEA 2024.3.3\bin;
USERNAME=86745
OS=Windows_NT
PROCESSOR_IDENTIFIER=AMD64 Family 25 Model 1 Stepping 1, AuthenticAMD
TMP=C:\Users\86745\AppData\Local\Temp
TEMP=C:\Users\86745\AppData\Local\Temp




Periodic native trim disabled

---------------  S Y S T E M  ---------------

OS:
 Windows 11 , 64 bit Build 22621 (10.0.22621.3958)
OS uptime: 7 days 19:02 hours
KVM virtualization detected

CPU: total 8 (initial active 8) (8 cores per cpu, 2 threads per core) family 25 model 1 stepping 1 microcode 0x0, cx8, cmov, fxsr, ht, mmx, 3dnowpref, sse, sse2, sse3, ssse3, sse4a, sse4.1, sse4.2, popcnt, lzcnt, tsc, avx, avx2, aes, clmul, bmi1, bmi2, adx, sha, fma, vzeroupper, clflush, clflushopt, hv, rdtscp, rdpid, f16c, pku
Processor Information for the first 8 processors :
  Max Mhz: 2296, Current Mhz: 2296, Mhz Limit: 2296

Memory: 4k page, system-wide physical 16377M (2251M free)
TotalPageFile size 16377M (AvailPageFile size 252M)
current process WorkingSet (physical memory assigned to process): 193M, peak: 193M
current process commit charge ("private bytes"): 406M, peak: 406M

vm_info: OpenJDK 64-Bit Server VM (23.0.2+7-58) for windows-amd64 JRE (23.0.2+7-58), built on 2024-11-29T09:34:55Z with MS VC++ 17.6 (VS2022)

END.
