#
# There is insufficient memory for the Java Runtime Environment to continue.
# Native memory allocation (malloc) failed to allocate 32744 bytes. Error detail: Chunk::new
# Possible reasons:
#   The system is out of physical RAM or swap space
#   This process is running with CompressedOops enabled, and the Java Heap may be blocking the growth of the native heap
# Possible solutions:
#   Reduce memory load on the system
#   Increase physical memory or swap space
#   Check if swap backing store is full
#   Decrease Java heap size (-Xmx/-Xms)
#   Decrease number of Java threads
#   Decrease Java thread stack sizes (-Xss)
#   Set larger code cache with -XX:ReservedCodeCacheSize=
#   JVM is running with Zero Based Compressed Oops mode in which the Java heap is
#     placed in the first 32GB address space. The Java Heap base address is the
#     maximum limit for the native heap growth. Please use -XX:HeapBaseMinAddress
#     to set the Java Heap base and to place the Java Heap above 32GB virtual address.
# This output file may be truncated or incomplete.
#
#  Out of Memory Error (arena.cpp:149), pid=13904, tid=2540
#
# JRE version: OpenJDK Runtime Environment (23.0.2+7) (build 23.0.2+7-58)
# Java VM: OpenJDK 64-Bit Server VM (23.0.2+7-58, mixed mode, emulated-client, sharing, tiered, compressed oops, compressed class ptrs, g1 gc, windows-amd64)
# No core dump will be written. Minidumps are not enabled by default on client versions of Windows
#

---------------  S U M M A R Y ------------

Command Line: -XX:TieredStopAtLevel=1 -Dspring.output.ansi.enabled=always -Dcom.sun.management.jmxremote -Dspring.jmx.enabled=true -Dspring.liveBeansView.mbeanDomain -Dspring.application.admin.enabled=true -Dmanagement.endpoints.jmx.exposure.include=* -javaagent:C:\Program Files\JetBrains\IntelliJ IDEA 2024.3.3\lib\idea_rt.jar=57323:C:\Program Files\JetBrains\IntelliJ IDEA 2024.3.3\bin -Dfile.encoding=UTF-8 -Dsun.stdout.encoding=UTF-8 -Dsun.stderr.encoding=UTF-8 com.example.demo.DemoApplication

Host: AMD EPYC 7643 48-Core Processor                , 8 cores, 15G,  Windows 11 , 64 bit Build 22621 (10.0.22621.3958)
Time: Thu Mar  6 16:03:37 2025  Windows 11 , 64 bit Build 22621 (10.0.22621.3958) elapsed time: 28.994331 seconds (0d 0h 0m 28s)

---------------  T H R E A D  ---------------

Current thread (0x000001e93aa7ebf0):  JavaThread "C1 CompilerThread1" daemon [_thread_in_native, id=2540, stack(0x0000000b76b00000,0x0000000b76c00000) (1024K)]


Current CompileTask:
C1:28994 3332       1       org.springframework.asm.ClassReader::readMethod (1061 bytes)

Stack: [0x0000000b76b00000,0x0000000b76c00000]
Native frames: (J=compiled Java code, j=interpreted, Vv=VM code, C=native code)
V  [jvm.dll+0x6e0b99]  (no source info available)
V  [jvm.dll+0x87e2b3]  (no source info available)
V  [jvm.dll+0x88073e]  (no source info available)
V  [jvm.dll+0x880e13]  (no source info available)
V  [jvm.dll+0x27b006]  (no source info available)
V  [jvm.dll+0xbc06f]  (no source info available)
V  [jvm.dll+0xbc2cb]  (no source info available)
V  [jvm.dll+0x191944]  (no source info available)
V  [jvm.dll+0x191bbd]  (no source info available)
V  [jvm.dll+0x191c9e]  (no source info available)
V  [jvm.dll+0x1941e1]  (no source info available)
V  [jvm.dll+0x195684]  (no source info available)
V  [jvm.dll+0x150a72]  (no source info available)
V  [jvm.dll+0x15022f]  (no source info available)
V  [jvm.dll+0x1504db]  (no source info available)
V  [jvm.dll+0x14f8a8]  (no source info available)
V  [jvm.dll+0x1516ed]  (no source info available)
V  [jvm.dll+0x253df1]  (no source info available)
V  [jvm.dll+0x2520aa]  (no source info available)
V  [jvm.dll+0x3ee226]  (no source info available)
V  [jvm.dll+0x8254cb]  (no source info available)
V  [jvm.dll+0x6df345]  (no source info available)
C  [ucrtbase.dll+0x29333]  (no source info available)
C  [KERNEL32.DLL+0x1257d]  (no source info available)
C  [ntdll.dll+0x5af28]  (no source info available)

Lock stack of current Java thread (top to bottom):


---------------  P R O C E S S  ---------------

Threads class SMR info:
_java_thread_list=0x000001e900dcfc60, length=22, elements={
0x000001e927545f90, 0x000001e93806b600, 0x000001e93806c320, 0x000001e93806d8b0,
0x000001e938070230, 0x000001e938071330, 0x000001e938073240, 0x000001e9380833e0,
0x000001e9380738d0, 0x000001e93aa7ebf0, 0x000001e938073f60, 0x000001e938075310,
0x000001e9380759a0, 0x000001e9380745f0, 0x000001e938072bb0, 0x000001e938074c80,
0x000001e938076030, 0x000001e9005e51b0, 0x000001e9005e2a50, 0x000001e9005e4b20,
0x000001e901594b10, 0x000001e9005e6560
}

Java Threads: ( => current thread )
  0x000001e927545f90 JavaThread "main"                              [_thread_blocked, id=7336, stack(0x0000000b75b00000,0x0000000b75c00000) (1024K)]
  0x000001e93806b600 JavaThread "Reference Handler"          daemon [_thread_blocked, id=14788, stack(0x0000000b76300000,0x0000000b76400000) (1024K)]
  0x000001e93806c320 JavaThread "Finalizer"                  daemon [_thread_blocked, id=776, stack(0x0000000b76400000,0x0000000b76500000) (1024K)]
  0x000001e93806d8b0 JavaThread "Signal Dispatcher"          daemon [_thread_blocked, id=17512, stack(0x0000000b76500000,0x0000000b76600000) (1024K)]
  0x000001e938070230 JavaThread "Attach Listener"            daemon [_thread_blocked, id=10312, stack(0x0000000b76600000,0x0000000b76700000) (1024K)]
  0x000001e938071330 JavaThread "Service Thread"             daemon [_thread_blocked, id=1276, stack(0x0000000b76700000,0x0000000b76800000) (1024K)]
  0x000001e938073240 JavaThread "Monitor Deflation Thread"   daemon [_thread_blocked, id=3256, stack(0x0000000b76800000,0x0000000b76900000) (1024K)]
  0x000001e9380833e0 JavaThread "C1 CompilerThread0"         daemon [_thread_blocked, id=13440, stack(0x0000000b76900000,0x0000000b76a00000) (1024K)]
  0x000001e9380738d0 JavaThread "Common-Cleaner"             daemon [_thread_blocked, id=9220, stack(0x0000000b76a00000,0x0000000b76b00000) (1024K)]
=>0x000001e93aa7ebf0 JavaThread "C1 CompilerThread1"         daemon [_thread_in_native, id=2540, stack(0x0000000b76b00000,0x0000000b76c00000) (1024K)]
  0x000001e938073f60 JavaThread "Monitor Ctrl-Break"         daemon [_thread_in_native, id=13296, stack(0x0000000b76e00000,0x0000000b76f00000) (1024K)]
  0x000001e938075310 JavaThread "Notification Thread"        daemon [_thread_blocked, id=11120, stack(0x0000000b76f00000,0x0000000b77000000) (1024K)]
  0x000001e9380759a0 JavaThread "RMI TCP Accept-0"           daemon [_thread_in_native, id=15760, stack(0x0000000b77000000,0x0000000b77100000) (1024K)]
  0x000001e9380745f0 JavaThread "RMI TCP Connection(1)-10.64.158.89" daemon [_thread_in_native, id=19476, stack(0x0000000b77100000,0x0000000b77200000) (1024K)]
  0x000001e938072bb0 JavaThread "RMI Scheduler(0)"           daemon [_thread_blocked, id=19484, stack(0x0000000b77200000,0x0000000b77300000) (1024K)]
  0x000001e938074c80 JavaThread "JMX server connection timeout 26" daemon [_thread_blocked, id=15068, stack(0x0000000b77300000,0x0000000b77400000) (1024K)]
  0x000001e938076030 JavaThread "RMI TCP Connection(2)-10.64.158.89" daemon [_thread_in_native, id=14784, stack(0x0000000b77400000,0x0000000b77500000) (1024K)]
  0x000001e9005e51b0 JavaThread "Thread-0"                          [_thread_blocked, id=1340, stack(0x0000000b77c00000,0x0000000b77d00000) (1024K)]
  0x000001e9005e2a50 JavaThread "restartedMain"                     [_thread_in_native, id=15820, stack(0x0000000b77d00000,0x0000000b77e00000) (1024K)]
  0x000001e9005e4b20 JavaThread "background-preinit"                [_thread_in_native, id=5484, stack(0x0000000b76d00000,0x0000000b76e00000) (1024K)]
  0x000001e901594b10 JavaThread "C1 CompilerThread2"         daemon [_thread_blocked, id=15936, stack(0x0000000b76c00000,0x0000000b76d00000) (1024K)]
  0x000001e9005e6560 JavaThread "Thread-3"                          [_thread_blocked, id=15788, stack(0x0000000b77e00000,0x0000000b77f00000) (1024K)]
Total: 22

Other Threads:
  0x000001e938052330 VMThread "VM Thread"                           [id=1376, stack(0x0000000b76200000,0x0000000b76300000) (1024K)]
  0x000001e93a9b1090 WatcherThread "VM Periodic Task Thread"        [id=13348, stack(0x0000000b76100000,0x0000000b76200000) (1024K)]
  0x000001e937ed1920 WorkerThread "GC Thread#0"                     [id=20208, stack(0x0000000b75c00000,0x0000000b75d00000) (1024K)]
  0x000001e900629fb0 WorkerThread "GC Thread#1"                     [id=12676, stack(0x0000000b77500000,0x0000000b77600000) (1024K)]
  0x000001e90062a360 WorkerThread "GC Thread#2"                     [id=9636, stack(0x0000000b77600000,0x0000000b77700000) (1024K)]
  0x000001e9006cfb50 WorkerThread "GC Thread#3"                     [id=16032, stack(0x0000000b77700000,0x0000000b77800000) (1024K)]
  0x000001e9006d4390 WorkerThread "GC Thread#4"                     [id=8652, stack(0x0000000b77800000,0x0000000b77900000) (1024K)]
  0x000001e9006d4f50 WorkerThread "GC Thread#5"                     [id=18888, stack(0x0000000b77900000,0x0000000b77a00000) (1024K)]
  0x000001e9006e4150 WorkerThread "GC Thread#6"                     [id=15440, stack(0x0000000b77a00000,0x0000000b77b00000) (1024K)]
  0x000001e9007057c0 WorkerThread "GC Thread#7"                     [id=19864, stack(0x0000000b77b00000,0x0000000b77c00000) (1024K)]
  0x000001e937ee2190 ConcurrentGCThread "G1 Main Marker"            [id=15828, stack(0x0000000b75d00000,0x0000000b75e00000) (1024K)]
  0x000001e937ee2d50 WorkerThread "G1 Conc#0"                       [id=11988, stack(0x0000000b75e00000,0x0000000b75f00000) (1024K)]
  0x000001e937f81c30 ConcurrentGCThread "G1 Refine#0"               [id=6176, stack(0x0000000b75f00000,0x0000000b76000000) (1024K)]
  0x000001e937f826b0 ConcurrentGCThread "G1 Service"                [id=20524, stack(0x0000000b76000000,0x0000000b76100000) (1024K)]
Total: 14

Threads with active compile tasks:
C1 CompilerThread1  30232 3332       1       org.springframework.asm.ClassReader::readMethod (1061 bytes)
Total: 1

VM state: not at safepoint (normal execution)

VM Mutex/Monitor currently owned by a thread: None

Heap address: 0x0000000700000000, size: 4096 MB, Compressed Oops mode: Zero based, Oop shift amount: 3

CDS archive(s) mapped at: [0x000001e93b000000-0x000001e93bd70000-0x000001e93bd70000), size 14090240, SharedBaseAddress: 0x000001e93b000000, ArchiveRelocationMode: 1.
Compressed class space mapped at: 0x000001e93c000000-0x000001e97c000000, reserved size: 1073741824
Narrow klass base: 0x000001e93b000000, Narrow klass shift: 0, Narrow klass range: 0x41000000

GC Precious Log:
 CardTable entry size: 512
 Card Set container configuration: InlinePtr #cards 4 size 8 Array Of Cards #cards 16 size 48 Howl #buckets 8 coarsen threshold 3686 Howl Bitmap #cards 512 size 80 coarsen threshold 460 Card regions per heap region 1 cards per card region 4096
 CPUs: 8 total, 8 available
 Memory: 16377M
 Large Page Support: Disabled
 NUMA Support: Disabled
 Compressed Oops: Enabled (Zero based)
 Heap Region Size: 2M
 Heap Min Capacity: 8M
 Heap Initial Capacity: 256M
 Heap Max Capacity: 4G
 Pre-touch: Disabled
 Parallel Workers: 8
 Concurrent Workers: 2
 Concurrent Refinement Workers: 8
 Periodic GC: Disabled

Heap:
 garbage-first heap   total reserved 4194304K, committed 262144K, used 65065K [0x0000000700000000, 0x0000000800000000)
  region size 2048K, 30 young (61440K), 1 survivors (2048K)
 Metaspace       used 21092K, committed 21504K, reserved 1114112K
  class space    used 2891K, committed 3072K, reserved 1048576K

Heap Regions: E=young(eden), S=young(survivor), O=old, HS=humongous(starts), HC=humongous(continues), CS=collection set, F=free, TAMS=top-at-mark-start, PB=parsable bottom
|   0|0x0000000700000000, 0x0000000700200000, 0x0000000700200000|100%| O|  |TAMS 0x0000000700000000| PB 0x0000000700000000| Untracked |  0
|   1|0x0000000700200000, 0x0000000700400000, 0x0000000700400000|100%| O|  |TAMS 0x0000000700200000| PB 0x0000000700200000| Untracked |  0
|   2|0x0000000700400000, 0x0000000700600000, 0x0000000700600000|100%| O|  |TAMS 0x0000000700400000| PB 0x0000000700400000| Untracked |  0
|   3|0x0000000700600000, 0x0000000700800000, 0x0000000700800000|100%| O|  |TAMS 0x0000000700600000| PB 0x0000000700600000| Untracked |  0
|   4|0x0000000700800000, 0x0000000700846dd0, 0x0000000700a00000| 13%| O|  |TAMS 0x0000000700800000| PB 0x0000000700800000| Untracked |  0
|   5|0x0000000700a00000, 0x0000000700a00000, 0x0000000700c00000|  0%| F|  |TAMS 0x0000000700a00000| PB 0x0000000700a00000| Untracked |  0
|   6|0x0000000700c00000, 0x0000000700c00000, 0x0000000700e00000|  0%| F|  |TAMS 0x0000000700c00000| PB 0x0000000700c00000| Untracked |  0
|   7|0x0000000700e00000, 0x0000000700e00000, 0x0000000701000000|  0%| F|  |TAMS 0x0000000700e00000| PB 0x0000000700e00000| Untracked |  0
|   8|0x0000000701000000, 0x0000000701000000, 0x0000000701200000|  0%| F|  |TAMS 0x0000000701000000| PB 0x0000000701000000| Untracked |  0
|   9|0x0000000701200000, 0x0000000701200000, 0x0000000701400000|  0%| F|  |TAMS 0x0000000701200000| PB 0x0000000701200000| Untracked |  0
|  10|0x0000000701400000, 0x0000000701400000, 0x0000000701600000|  0%| F|  |TAMS 0x0000000701400000| PB 0x0000000701400000| Untracked |  0
|  11|0x0000000701600000, 0x0000000701600000, 0x0000000701800000|  0%| F|  |TAMS 0x0000000701600000| PB 0x0000000701600000| Untracked |  0
|  12|0x0000000701800000, 0x0000000701800000, 0x0000000701a00000|  0%| F|  |TAMS 0x0000000701800000| PB 0x0000000701800000| Untracked |  0
|  13|0x0000000701a00000, 0x0000000701a00000, 0x0000000701c00000|  0%| F|  |TAMS 0x0000000701a00000| PB 0x0000000701a00000| Untracked |  0
|  14|0x0000000701c00000, 0x0000000701c00000, 0x0000000701e00000|  0%| F|  |TAMS 0x0000000701c00000| PB 0x0000000701c00000| Untracked |  0
|  15|0x0000000701e00000, 0x0000000701e00000, 0x0000000702000000|  0%| F|  |TAMS 0x0000000701e00000| PB 0x0000000701e00000| Untracked |  0
|  16|0x0000000702000000, 0x0000000702000000, 0x0000000702200000|  0%| F|  |TAMS 0x0000000702000000| PB 0x0000000702000000| Untracked |  0
|  17|0x0000000702200000, 0x0000000702200000, 0x0000000702400000|  0%| F|  |TAMS 0x0000000702200000| PB 0x0000000702200000| Untracked |  0
|  18|0x0000000702400000, 0x0000000702400000, 0x0000000702600000|  0%| F|  |TAMS 0x0000000702400000| PB 0x0000000702400000| Untracked |  0
|  19|0x0000000702600000, 0x0000000702600000, 0x0000000702800000|  0%| F|  |TAMS 0x0000000702600000| PB 0x0000000702600000| Untracked |  0
|  20|0x0000000702800000, 0x0000000702800000, 0x0000000702a00000|  0%| F|  |TAMS 0x0000000702800000| PB 0x0000000702800000| Untracked |  0
|  21|0x0000000702a00000, 0x0000000702a00000, 0x0000000702c00000|  0%| F|  |TAMS 0x0000000702a00000| PB 0x0000000702a00000| Untracked |  0
|  22|0x0000000702c00000, 0x0000000702c00000, 0x0000000702e00000|  0%| F|  |TAMS 0x0000000702c00000| PB 0x0000000702c00000| Untracked |  0
|  23|0x0000000702e00000, 0x0000000702e00000, 0x0000000703000000|  0%| F|  |TAMS 0x0000000702e00000| PB 0x0000000702e00000| Untracked |  0
|  24|0x0000000703000000, 0x0000000703000000, 0x0000000703200000|  0%| F|  |TAMS 0x0000000703000000| PB 0x0000000703000000| Untracked |  0
|  25|0x0000000703200000, 0x0000000703200000, 0x0000000703400000|  0%| F|  |TAMS 0x0000000703200000| PB 0x0000000703200000| Untracked |  0
|  26|0x0000000703400000, 0x0000000703400000, 0x0000000703600000|  0%| F|  |TAMS 0x0000000703400000| PB 0x0000000703400000| Untracked |  0
|  27|0x0000000703600000, 0x0000000703600000, 0x0000000703800000|  0%| F|  |TAMS 0x0000000703600000| PB 0x0000000703600000| Untracked |  0
|  28|0x0000000703800000, 0x0000000703800000, 0x0000000703a00000|  0%| F|  |TAMS 0x0000000703800000| PB 0x0000000703800000| Untracked |  0
|  29|0x0000000703a00000, 0x0000000703a00000, 0x0000000703c00000|  0%| F|  |TAMS 0x0000000703a00000| PB 0x0000000703a00000| Untracked |  0
|  30|0x0000000703c00000, 0x0000000703c00000, 0x0000000703e00000|  0%| F|  |TAMS 0x0000000703c00000| PB 0x0000000703c00000| Untracked |  0
|  31|0x0000000703e00000, 0x0000000703e00000, 0x0000000704000000|  0%| F|  |TAMS 0x0000000703e00000| PB 0x0000000703e00000| Untracked |  0
|  32|0x0000000704000000, 0x0000000704000000, 0x0000000704200000|  0%| F|  |TAMS 0x0000000704000000| PB 0x0000000704000000| Untracked |  0
|  33|0x0000000704200000, 0x0000000704200000, 0x0000000704400000|  0%| F|  |TAMS 0x0000000704200000| PB 0x0000000704200000| Untracked |  0
|  34|0x0000000704400000, 0x0000000704400000, 0x0000000704600000|  0%| F|  |TAMS 0x0000000704400000| PB 0x0000000704400000| Untracked |  0
|  35|0x0000000704600000, 0x0000000704600000, 0x0000000704800000|  0%| F|  |TAMS 0x0000000704600000| PB 0x0000000704600000| Untracked |  0
|  36|0x0000000704800000, 0x0000000704800000, 0x0000000704a00000|  0%| F|  |TAMS 0x0000000704800000| PB 0x0000000704800000| Untracked |  0
|  37|0x0000000704a00000, 0x0000000704a00000, 0x0000000704c00000|  0%| F|  |TAMS 0x0000000704a00000| PB 0x0000000704a00000| Untracked |  0
|  38|0x0000000704c00000, 0x0000000704c00000, 0x0000000704e00000|  0%| F|  |TAMS 0x0000000704c00000| PB 0x0000000704c00000| Untracked |  0
|  39|0x0000000704e00000, 0x0000000704e00000, 0x0000000705000000|  0%| F|  |TAMS 0x0000000704e00000| PB 0x0000000704e00000| Untracked |  0
|  40|0x0000000705000000, 0x0000000705000000, 0x0000000705200000|  0%| F|  |TAMS 0x0000000705000000| PB 0x0000000705000000| Untracked |  0
|  41|0x0000000705200000, 0x0000000705200000, 0x0000000705400000|  0%| F|  |TAMS 0x0000000705200000| PB 0x0000000705200000| Untracked |  0
|  42|0x0000000705400000, 0x0000000705400000, 0x0000000705600000|  0%| F|  |TAMS 0x0000000705400000| PB 0x0000000705400000| Untracked |  0
|  43|0x0000000705600000, 0x0000000705600000, 0x0000000705800000|  0%| F|  |TAMS 0x0000000705600000| PB 0x0000000705600000| Untracked |  0
|  44|0x0000000705800000, 0x0000000705800000, 0x0000000705a00000|  0%| F|  |TAMS 0x0000000705800000| PB 0x0000000705800000| Untracked |  0
|  45|0x0000000705a00000, 0x0000000705a00000, 0x0000000705c00000|  0%| F|  |TAMS 0x0000000705a00000| PB 0x0000000705a00000| Untracked |  0
|  46|0x0000000705c00000, 0x0000000705c00000, 0x0000000705e00000|  0%| F|  |TAMS 0x0000000705c00000| PB 0x0000000705c00000| Untracked |  0
|  47|0x0000000705e00000, 0x0000000705e00000, 0x0000000706000000|  0%| F|  |TAMS 0x0000000705e00000| PB 0x0000000705e00000| Untracked |  0
|  48|0x0000000706000000, 0x0000000706000000, 0x0000000706200000|  0%| F|  |TAMS 0x0000000706000000| PB 0x0000000706000000| Untracked |  0
|  49|0x0000000706200000, 0x0000000706200000, 0x0000000706400000|  0%| F|  |TAMS 0x0000000706200000| PB 0x0000000706200000| Untracked |  0
|  50|0x0000000706400000, 0x0000000706400000, 0x0000000706600000|  0%| F|  |TAMS 0x0000000706400000| PB 0x0000000706400000| Untracked |  0
|  51|0x0000000706600000, 0x0000000706600000, 0x0000000706800000|  0%| F|  |TAMS 0x0000000706600000| PB 0x0000000706600000| Untracked |  0
|  52|0x0000000706800000, 0x0000000706800000, 0x0000000706a00000|  0%| F|  |TAMS 0x0000000706800000| PB 0x0000000706800000| Untracked |  0
|  53|0x0000000706a00000, 0x0000000706a00000, 0x0000000706c00000|  0%| F|  |TAMS 0x0000000706a00000| PB 0x0000000706a00000| Untracked |  0
|  54|0x0000000706c00000, 0x0000000706c00000, 0x0000000706e00000|  0%| F|  |TAMS 0x0000000706c00000| PB 0x0000000706c00000| Untracked |  0
|  55|0x0000000706e00000, 0x0000000706e00000, 0x0000000707000000|  0%| F|  |TAMS 0x0000000706e00000| PB 0x0000000706e00000| Untracked |  0
|  56|0x0000000707000000, 0x0000000707000000, 0x0000000707200000|  0%| F|  |TAMS 0x0000000707000000| PB 0x0000000707000000| Untracked |  0
|  57|0x0000000707200000, 0x0000000707200000, 0x0000000707400000|  0%| F|  |TAMS 0x0000000707200000| PB 0x0000000707200000| Untracked |  0
|  58|0x0000000707400000, 0x0000000707400000, 0x0000000707600000|  0%| F|  |TAMS 0x0000000707400000| PB 0x0000000707400000| Untracked |  0
|  59|0x0000000707600000, 0x0000000707600000, 0x0000000707800000|  0%| F|  |TAMS 0x0000000707600000| PB 0x0000000707600000| Untracked |  0
|  60|0x0000000707800000, 0x0000000707800000, 0x0000000707a00000|  0%| F|  |TAMS 0x0000000707800000| PB 0x0000000707800000| Untracked |  0
|  61|0x0000000707a00000, 0x0000000707a00000, 0x0000000707c00000|  0%| F|  |TAMS 0x0000000707a00000| PB 0x0000000707a00000| Untracked |  0
|  62|0x0000000707c00000, 0x0000000707c00000, 0x0000000707e00000|  0%| F|  |TAMS 0x0000000707c00000| PB 0x0000000707c00000| Untracked |  0
|  63|0x0000000707e00000, 0x0000000707e00000, 0x0000000708000000|  0%| F|  |TAMS 0x0000000707e00000| PB 0x0000000707e00000| Untracked |  0
|  64|0x0000000708000000, 0x0000000708000000, 0x0000000708200000|  0%| F|  |TAMS 0x0000000708000000| PB 0x0000000708000000| Untracked |  0
|  65|0x0000000708200000, 0x0000000708200000, 0x0000000708400000|  0%| F|  |TAMS 0x0000000708200000| PB 0x0000000708200000| Untracked |  0
|  66|0x0000000708400000, 0x0000000708400000, 0x0000000708600000|  0%| F|  |TAMS 0x0000000708400000| PB 0x0000000708400000| Untracked |  0
|  67|0x0000000708600000, 0x0000000708600000, 0x0000000708800000|  0%| F|  |TAMS 0x0000000708600000| PB 0x0000000708600000| Untracked |  0
|  68|0x0000000708800000, 0x0000000708800000, 0x0000000708a00000|  0%| F|  |TAMS 0x0000000708800000| PB 0x0000000708800000| Untracked |  0
|  69|0x0000000708a00000, 0x0000000708a00000, 0x0000000708c00000|  0%| F|  |TAMS 0x0000000708a00000| PB 0x0000000708a00000| Untracked |  0
|  70|0x0000000708c00000, 0x0000000708c00000, 0x0000000708e00000|  0%| F|  |TAMS 0x0000000708c00000| PB 0x0000000708c00000| Untracked |  0
|  71|0x0000000708e00000, 0x0000000708e00000, 0x0000000709000000|  0%| F|  |TAMS 0x0000000708e00000| PB 0x0000000708e00000| Untracked |  0
|  72|0x0000000709000000, 0x0000000709000000, 0x0000000709200000|  0%| F|  |TAMS 0x0000000709000000| PB 0x0000000709000000| Untracked |  0
|  73|0x0000000709200000, 0x0000000709200000, 0x0000000709400000|  0%| F|  |TAMS 0x0000000709200000| PB 0x0000000709200000| Untracked |  0
|  74|0x0000000709400000, 0x0000000709400000, 0x0000000709600000|  0%| F|  |TAMS 0x0000000709400000| PB 0x0000000709400000| Untracked |  0
|  75|0x0000000709600000, 0x0000000709600000, 0x0000000709800000|  0%| F|  |TAMS 0x0000000709600000| PB 0x0000000709600000| Untracked |  0
|  76|0x0000000709800000, 0x0000000709800000, 0x0000000709a00000|  0%| F|  |TAMS 0x0000000709800000| PB 0x0000000709800000| Untracked |  0
|  77|0x0000000709a00000, 0x0000000709a00000, 0x0000000709c00000|  0%| F|  |TAMS 0x0000000709a00000| PB 0x0000000709a00000| Untracked |  0
|  78|0x0000000709c00000, 0x0000000709c00000, 0x0000000709e00000|  0%| F|  |TAMS 0x0000000709c00000| PB 0x0000000709c00000| Untracked |  0
|  79|0x0000000709e00000, 0x0000000709e00000, 0x000000070a000000|  0%| F|  |TAMS 0x0000000709e00000| PB 0x0000000709e00000| Untracked |  0
|  80|0x000000070a000000, 0x000000070a000000, 0x000000070a200000|  0%| F|  |TAMS 0x000000070a000000| PB 0x000000070a000000| Untracked |  0
|  81|0x000000070a200000, 0x000000070a200000, 0x000000070a400000|  0%| F|  |TAMS 0x000000070a200000| PB 0x000000070a200000| Untracked |  0
|  82|0x000000070a400000, 0x000000070a400000, 0x000000070a600000|  0%| F|  |TAMS 0x000000070a400000| PB 0x000000070a400000| Untracked |  0
|  83|0x000000070a600000, 0x000000070a600000, 0x000000070a800000|  0%| F|  |TAMS 0x000000070a600000| PB 0x000000070a600000| Untracked |  0
|  84|0x000000070a800000, 0x000000070a800000, 0x000000070aa00000|  0%| F|  |TAMS 0x000000070a800000| PB 0x000000070a800000| Untracked |  0
|  85|0x000000070aa00000, 0x000000070aa00000, 0x000000070ac00000|  0%| F|  |TAMS 0x000000070aa00000| PB 0x000000070aa00000| Untracked |  0
|  86|0x000000070ac00000, 0x000000070ac00000, 0x000000070ae00000|  0%| F|  |TAMS 0x000000070ac00000| PB 0x000000070ac00000| Untracked |  0
|  87|0x000000070ae00000, 0x000000070ae00000, 0x000000070b000000|  0%| F|  |TAMS 0x000000070ae00000| PB 0x000000070ae00000| Untracked |  0
|  88|0x000000070b000000, 0x000000070b000000, 0x000000070b200000|  0%| F|  |TAMS 0x000000070b000000| PB 0x000000070b000000| Untracked |  0
|  89|0x000000070b200000, 0x000000070b200000, 0x000000070b400000|  0%| F|  |TAMS 0x000000070b200000| PB 0x000000070b200000| Untracked |  0
|  90|0x000000070b400000, 0x000000070b400000, 0x000000070b600000|  0%| F|  |TAMS 0x000000070b400000| PB 0x000000070b400000| Untracked |  0
|  91|0x000000070b600000, 0x000000070b600000, 0x000000070b800000|  0%| F|  |TAMS 0x000000070b600000| PB 0x000000070b600000| Untracked |  0
|  92|0x000000070b800000, 0x000000070b800000, 0x000000070ba00000|  0%| F|  |TAMS 0x000000070b800000| PB 0x000000070b800000| Untracked |  0
|  93|0x000000070ba00000, 0x000000070ba00000, 0x000000070bc00000|  0%| F|  |TAMS 0x000000070ba00000| PB 0x000000070ba00000| Untracked |  0
|  94|0x000000070bc00000, 0x000000070bc00000, 0x000000070be00000|  0%| F|  |TAMS 0x000000070bc00000| PB 0x000000070bc00000| Untracked |  0
|  95|0x000000070be00000, 0x000000070be00000, 0x000000070c000000|  0%| F|  |TAMS 0x000000070be00000| PB 0x000000070be00000| Untracked |  0
|  96|0x000000070c000000, 0x000000070c000000, 0x000000070c200000|  0%| F|  |TAMS 0x000000070c000000| PB 0x000000070c000000| Untracked |  0
|  97|0x000000070c200000, 0x000000070c200000, 0x000000070c400000|  0%| F|  |TAMS 0x000000070c200000| PB 0x000000070c200000| Untracked |  0
|  98|0x000000070c400000, 0x000000070c5253f8, 0x000000070c600000| 57%| E|  |TAMS 0x000000070c400000| PB 0x000000070c400000| Complete |  0
|  99|0x000000070c600000, 0x000000070c800000, 0x000000070c800000|100%| E|CS|TAMS 0x000000070c600000| PB 0x000000070c600000| Complete |  0
| 100|0x000000070c800000, 0x000000070ca00000, 0x000000070ca00000|100%| E|CS|TAMS 0x000000070c800000| PB 0x000000070c800000| Complete |  0
| 101|0x000000070ca00000, 0x000000070cc00000, 0x000000070cc00000|100%| E|CS|TAMS 0x000000070ca00000| PB 0x000000070ca00000| Complete |  0
| 102|0x000000070cc00000, 0x000000070ce00000, 0x000000070ce00000|100%| E|CS|TAMS 0x000000070cc00000| PB 0x000000070cc00000| Complete |  0
| 103|0x000000070ce00000, 0x000000070d000000, 0x000000070d000000|100%| E|CS|TAMS 0x000000070ce00000| PB 0x000000070ce00000| Complete |  0
| 104|0x000000070d000000, 0x000000070d200000, 0x000000070d200000|100%| E|CS|TAMS 0x000000070d000000| PB 0x000000070d000000| Complete |  0
| 105|0x000000070d200000, 0x000000070d400000, 0x000000070d400000|100%| E|CS|TAMS 0x000000070d200000| PB 0x000000070d200000| Complete |  0
| 106|0x000000070d400000, 0x000000070d600000, 0x000000070d600000|100%| E|CS|TAMS 0x000000070d400000| PB 0x000000070d400000| Complete |  0
| 107|0x000000070d600000, 0x000000070d800000, 0x000000070d800000|100%| E|CS|TAMS 0x000000070d600000| PB 0x000000070d600000| Complete |  0
| 108|0x000000070d800000, 0x000000070da00000, 0x000000070da00000|100%| E|CS|TAMS 0x000000070d800000| PB 0x000000070d800000| Complete |  0
| 109|0x000000070da00000, 0x000000070dc00000, 0x000000070dc00000|100%| E|CS|TAMS 0x000000070da00000| PB 0x000000070da00000| Complete |  0
| 110|0x000000070dc00000, 0x000000070de00000, 0x000000070de00000|100%| E|CS|TAMS 0x000000070dc00000| PB 0x000000070dc00000| Complete |  0
| 111|0x000000070de00000, 0x000000070e000000, 0x000000070e000000|100%| E|CS|TAMS 0x000000070de00000| PB 0x000000070de00000| Complete |  0
| 112|0x000000070e000000, 0x000000070e200000, 0x000000070e200000|100%| E|CS|TAMS 0x000000070e000000| PB 0x000000070e000000| Complete |  0
| 113|0x000000070e200000, 0x000000070e400000, 0x000000070e400000|100%| E|CS|TAMS 0x000000070e200000| PB 0x000000070e200000| Complete |  0
| 114|0x000000070e400000, 0x000000070e600000, 0x000000070e600000|100%| E|CS|TAMS 0x000000070e400000| PB 0x000000070e400000| Complete |  0
| 115|0x000000070e600000, 0x000000070e800000, 0x000000070e800000|100%| E|  |TAMS 0x000000070e600000| PB 0x000000070e600000| Complete |  0
| 116|0x000000070e800000, 0x000000070ea00000, 0x000000070ea00000|100%| E|CS|TAMS 0x000000070e800000| PB 0x000000070e800000| Complete |  0
| 117|0x000000070ea00000, 0x000000070ec00000, 0x000000070ec00000|100%| E|CS|TAMS 0x000000070ea00000| PB 0x000000070ea00000| Complete |  0
| 118|0x000000070ec00000, 0x000000070ed437a0, 0x000000070ee00000| 63%| S|CS|TAMS 0x000000070ec00000| PB 0x000000070ec00000| Complete |  0
| 119|0x000000070ee00000, 0x000000070f000000, 0x000000070f000000|100%| E|CS|TAMS 0x000000070ee00000| PB 0x000000070ee00000| Complete |  0
| 120|0x000000070f000000, 0x000000070f200000, 0x000000070f200000|100%| E|CS|TAMS 0x000000070f000000| PB 0x000000070f000000| Complete |  0
| 121|0x000000070f200000, 0x000000070f400000, 0x000000070f400000|100%| E|CS|TAMS 0x000000070f200000| PB 0x000000070f200000| Complete |  0
| 122|0x000000070f400000, 0x000000070f600000, 0x000000070f600000|100%| E|CS|TAMS 0x000000070f400000| PB 0x000000070f400000| Complete |  0
| 123|0x000000070f600000, 0x000000070f800000, 0x000000070f800000|100%| E|CS|TAMS 0x000000070f600000| PB 0x000000070f600000| Complete |  0
| 124|0x000000070f800000, 0x000000070fa00000, 0x000000070fa00000|100%| E|CS|TAMS 0x000000070f800000| PB 0x000000070f800000| Complete |  0
| 125|0x000000070fa00000, 0x000000070fc00000, 0x000000070fc00000|100%| E|CS|TAMS 0x000000070fa00000| PB 0x000000070fa00000| Complete |  0
| 126|0x000000070fc00000, 0x000000070fe00000, 0x000000070fe00000|100%| E|CS|TAMS 0x000000070fc00000| PB 0x000000070fc00000| Complete |  0
| 127|0x000000070fe00000, 0x0000000710000000, 0x0000000710000000|100%| E|CS|TAMS 0x000000070fe00000| PB 0x000000070fe00000| Complete |  0

Card table byte_map: [0x000001e933620000,0x000001e933e20000] _byte_map_base: 0x000001e92fe20000

Marking Bits: (CMBitMap*) 0x000001e92533e880
 Bits: [0x000001e933e20000, 0x000001e937e20000)

Polling page: 0x000001e926c90000

Metaspace:

Usage:
  Non-class:     17.78 MB used.
      Class:      2.82 MB used.
       Both:     20.60 MB used.

Virtual space:
  Non-class space:       64.00 MB reserved,      18.00 MB ( 28%) committed,  1 nodes.
      Class space:        1.00 GB reserved,       3.00 MB ( <1%) committed,  1 nodes.
             Both:        1.06 GB reserved,      21.00 MB (  2%) committed. 

Chunk freelists:
   Non-Class:  13.56 MB
       Class:  12.85 MB
        Both:  26.41 MB

MaxMetaspaceSize: unlimited
CompressedClassSpaceSize: 1.00 GB
Initial GC threshold: 21.00 MB
Current GC threshold: 21.00 MB
CDS: on
 - commit_granule_bytes: 65536.
 - commit_granule_words: 8192.
 - virtual_space_node_default_size: 8388608.
 - enlarge_chunks_in_place: 1.
 - use_allocation_guard: 0.


Internal statistics:

num_allocs_failed_limit: 0.
num_arena_births: 464.
num_arena_deaths: 0.
num_vsnodes_births: 2.
num_vsnodes_deaths: 0.
num_space_committed: 336.
num_space_uncommitted: 0.
num_chunks_returned_to_freelist: 0.
num_chunks_taken_from_freelist: 1057.
num_chunk_merges: 0.
num_chunk_splits: 717.
num_chunks_enlarged: 493.
num_inconsistent_stats: 0.

CodeCache: size=49152Kb used=6499Kb max_used=6499Kb free=42652Kb
 bounds [0x000001e92fc00000, 0x000001e9302f0000, 0x000001e932c00000]
 total_blobs=3972, nmethods=3420, adapters=475, full_count=1
Compilation: disabled (not enough contiguous free space left), stopped_count=1, restarted_count=0

Compilation events (20 events):
Event: 28.973 Thread 0x000001e901594b10 3337       1       org.springframework.core.annotation.AnnotationTypeMappings$Cache$$Lambda/0x000001e93c130248::<init> (15 bytes)
Event: 28.973 Thread 0x000001e9380833e0 nmethod 3338 0x000001e93021be88 code [0x000001e93021bfc0, 0x000001e93021c280]
Event: 28.974 Thread 0x000001e9380833e0 3343       1       org.springframework.core.type.classreading.SimpleMethodMetadata::getAnnotations (5 bytes)
Event: 28.974 Thread 0x000001e901594b10 nmethod 3337 0x000001e93021bb88 code [0x000001e93021bca0, 0x000001e93021be10]
Event: 28.974 Thread 0x000001e901594b10 3342       1       org.springframework.context.annotation.ConfigurationClassParser$SourceClass::getMetadata (5 bytes)
Event: 28.974 Thread 0x000001e9380833e0 nmethod 3343 0x000001e93021b888 code [0x000001e93021b9a0, 0x000001e93021ba70]
Event: 28.974 Thread 0x000001e901594b10 nmethod 3342 0x000001e93021b588 code [0x000001e93021b6a0, 0x000001e93021b770]
Event: 28.974 Thread 0x000001e901594b10 3339       1       java.util.stream.ReferencePipeline::map (26 bytes)
Event: 28.974 Thread 0x000001e9380833e0 3340       1       java.util.stream.ReferencePipeline$3::<init> (15 bytes)
Event: 28.974 Thread 0x000001e901594b10 nmethod 3339 0x000001e93021b188 code [0x000001e93021b2c0, 0x000001e93021b550]
Event: 28.974 Thread 0x000001e9380833e0 nmethod 3340 0x000001e93021ae88 code [0x000001e93021afa0, 0x000001e93021b0f0]
Event: 28.974 Thread 0x000001e901594b10 3341       1       java.util.stream.ReferencePipeline$3::opWrapSink (10 bytes)
Event: 28.974 Thread 0x000001e9380833e0 3345       1       org.springframework.core.annotation.AnnotationTypeMapping::filledIntArray (19 bytes)
Event: 28.974 Thread 0x000001e9380833e0 nmethod 3345 0x000001e93021ab88 code [0x000001e93021aca0, 0x000001e93021ae40]
Event: 28.974 Thread 0x000001e901594b10 nmethod 3341 0x000001e93021a708 code [0x000001e93021a840, 0x000001e93021ab30]
Event: 28.974 Thread 0x000001e9380833e0 3344       1       org.springframework.core.annotation.AttributeMethods::forAnnotationType (26 bytes)
Event: 28.974 Thread 0x000001e9380833e0 nmethod 3344 0x000001e93021a408 code [0x000001e93021a540, 0x000001e93021a698]
Event: 28.974 Thread 0x000001e901594b10 3346   !   1       org.springframework.util.ClassUtils::forName (251 bytes)
Event: 28.974 Thread 0x000001e9380833e0 3347       1       org.springframework.util.ClassUtils::resolvePrimitiveClassName (30 bytes)
Event: 28.975 Thread 0x000001e9380833e0 nmethod 3347 0x000001e93021a108 code [0x000001e93021a240, 0x000001e93021a3c8]

GC Heap History (4 events):
Event: 2.164 GC heap before
{Heap before GC invocations=0 (full 0):
 garbage-first heap   total reserved 4194304K, committed 262144K, used 22528K [0x0000000700000000, 0x0000000800000000)
  region size 2048K, 12 young (24576K), 0 survivors (0K)
 Metaspace       used 6464K, committed 6720K, reserved 1114112K
  class space    used 813K, committed 896K, reserved 1048576K
}
Event: 2.174 GC heap after
{Heap after GC invocations=1 (full 0):
 garbage-first heap   total reserved 4194304K, committed 262144K, used 8852K [0x0000000700000000, 0x0000000800000000)
  region size 2048K, 2 young (4096K), 2 survivors (4096K)
 Metaspace       used 6464K, committed 6720K, reserved 1114112K
  class space    used 813K, committed 896K, reserved 1048576K
}
Event: 11.384 GC heap before
{Heap before GC invocations=1 (full 0):
 garbage-first heap   total reserved 4194304K, committed 262144K, used 27284K [0x0000000700000000, 0x0000000800000000)
  region size 2048K, 11 young (22528K), 2 survivors (4096K)
 Metaspace       used 9649K, committed 9984K, reserved 1114112K
  class space    used 1277K, committed 1408K, reserved 1048576K
}
Event: 11.391 GC heap after
{Heap after GC invocations=2 (full 0):
 garbage-first heap   total reserved 4194304K, committed 262144K, used 9769K [0x0000000700000000, 0x0000000800000000)
  region size 2048K, 1 young (2048K), 1 survivors (2048K)
 Metaspace       used 9649K, committed 9984K, reserved 1114112K
  class space    used 1277K, committed 1408K, reserved 1048576K
}

Dll operation events (11 events):
Event: 0.091 Loaded shared library C:\Program Files\Java\jdk-23.0.2\bin\java.dll
Event: 0.421 Loaded shared library C:\Program Files\Java\jdk-23.0.2\bin\zip.dll
Event: 0.426 Loaded shared library C:\Program Files\Java\jdk-23.0.2\bin\instrument.dll
Event: 0.444 Loaded shared library C:\Program Files\Java\jdk-23.0.2\bin\zip.dll
Event: 0.450 Loaded shared library C:\Program Files\Java\jdk-23.0.2\bin\jimage.dll
Event: 0.473 Loaded shared library C:\Program Files\Java\jdk-23.0.2\bin\net.dll
Event: 0.476 Loaded shared library C:\Program Files\Java\jdk-23.0.2\bin\nio.dll
Event: 0.590 Loaded shared library C:\Program Files\Java\jdk-23.0.2\bin\management.dll
Event: 0.597 Loaded shared library C:\Program Files\JetBrains\IntelliJ IDEA 2024.3.3\bin\breakgen64.dll
Event: 0.602 Loaded shared library C:\Program Files\Java\jdk-23.0.2\bin\management_ext.dll
Event: 0.605 Loaded shared library C:\Program Files\Java\jdk-23.0.2\bin\extnet.dll

Deoptimization events (0 events):
No events

Classes loaded (20 events):
Event: 26.739 Loading class java/nio/file/FileTreeWalker$Event
Event: 26.739 Loading class java/nio/file/FileTreeWalker$Event done
Event: 26.739 Loading class java/nio/file/FileTreeWalker$EventType
Event: 26.739 Loading class java/nio/file/FileTreeWalker$EventType done
Event: 26.805 Loading class java/util/regex/Pattern$LazyLoop
Event: 26.805 Loading class java/util/regex/Pattern$Loop
Event: 26.805 Loading class java/util/regex/Pattern$Loop done
Event: 26.805 Loading class java/util/regex/Pattern$LazyLoop done
Event: 26.805 Loading class java/util/regex/Pattern$Prolog
Event: 26.806 Loading class java/util/regex/Pattern$Prolog done
Event: 26.970 Loading class java/lang/AssertionError
Event: 26.970 Loading class java/lang/AssertionError done
Event: 28.532 Loading class java/lang/reflect/MalformedParametersException
Event: 28.532 Loading class java/lang/reflect/MalformedParametersException done
Event: 28.587 Loading class java/util/regex/Pattern$Pos
Event: 28.587 Loading class java/util/regex/Pattern$Pos done
Event: 28.933 Loading class java/lang/ThreadLocal$SuppliedThreadLocal
Event: 28.933 Loading class java/lang/ThreadLocal$SuppliedThreadLocal done
Event: 28.934 Loading class sun/util/cldr/CLDRBaseLocaleDataMetaInfo$CLDRMapHolder
Event: 28.935 Loading class sun/util/cldr/CLDRBaseLocaleDataMetaInfo$CLDRMapHolder done

Classes unloaded (0 events):
No events

Classes redefined (0 events):
No events

Internal exceptions (20 events):
Event: 15.694 Thread 0x000001e9005e2a50 Exception <a 'java/lang/NoSuchMethodError'{0x000000070f69a270}: 'int java.lang.invoke.DirectMethodHandle$Holder.invokeStatic(java.lang.Object, int, java.lang.Object, java.lang.Object)'> (0x000000070f69a270) 
thrown [s\open\src\hotspot\share\interpreter\linkResolver.cpp, line 796]
Event: 15.694 Thread 0x000001e9005e2a50 Exception <a 'java/lang/NoSuchMethodError'{0x000000070f6a1098}: 'java.lang.Object java.lang.invoke.DirectMethodHandle$Holder.newInvokeSpecial(java.lang.Object, int, java.lang.Object)'> (0x000000070f6a1098) 
thrown [s\open\src\hotspot\share\interpreter\linkResolver.cpp, line 796]
Event: 15.695 Thread 0x000001e9005e2a50 Exception <a 'java/lang/NoSuchMethodError'{0x000000070f6a50f0}: 'int java.lang.invoke.DirectMethodHandle$Holder.invokeSpecialIFC(java.lang.Object, java.lang.Object, java.lang.Object, java.lang.Object)'> (0x000000070f6a50f0) 
thrown [s\open\src\hotspot\share\interpreter\linkResolver.cpp, line 796]
Event: 15.811 Thread 0x000001e9005e2a50 Exception <a 'java/lang/NoSuchMethodError'{0x000000070f79b7c8}: 'void java.lang.invoke.DirectMethodHandle$Holder.invokeInterface(java.lang.Object, java.lang.Object, java.lang.Object)'> (0x000000070f79b7c8) 
thrown [s\open\src\hotspot\share\interpreter\linkResolver.cpp, line 796]
Event: 16.114 Thread 0x000001e9005e2a50 Exception <a 'java/lang/NoSuchMethodError'{0x000000070f4409b0}: 'java.lang.Object java.lang.invoke.DirectMethodHandle$Holder.invokeVirtual(java.lang.Object, java.lang.Object, java.lang.Object)'> (0x000000070f4409b0) 
thrown [s\open\src\hotspot\share\interpreter\linkResolver.cpp, line 796]
Event: 16.801 Thread 0x000001e9005e2a50 Exception <a 'java/lang/NoSuchMethodError'{0x000000070f59ab48}: 'void java.lang.invoke.DirectMethodHandle$Holder.invokeStatic(java.lang.Object, java.lang.Object, int)'> (0x000000070f59ab48) 
thrown [s\open\src\hotspot\share\interpreter\linkResolver.cpp, line 796]
Event: 16.838 Thread 0x000001e9005e2a50 Exception <a 'java/lang/NoSuchMethodError'{0x000000070f5aae50}: 'void java.lang.invoke.DirectMethodHandle$Holder.invokeStaticInit(java.lang.Object, java.lang.Object, java.lang.Object)'> (0x000000070f5aae50) 
thrown [s\open\src\hotspot\share\interpreter\linkResolver.cpp, line 796]
Event: 17.199 Thread 0x000001e9005e2a50 Exception <a 'java/lang/NoSuchMethodError'{0x000000070f255480}: 'void java.lang.invoke.DirectMethodHandle$Holder.invokeVirtual(java.lang.Object, java.lang.Object, java.lang.Object, java.lang.Object)'> (0x000000070f255480) 
thrown [s\open\src\hotspot\share\interpreter\linkResolver.cpp, line 796]
Event: 19.040 Thread 0x000001e9005e2a50 Exception <a 'java/lang/NoSuchMethodError'{0x000000070ee17af0}: 'java.lang.reflect.Field[] java.lang.Class.getDeclaredFields(java.lang.Class)'> (0x000000070ee17af0) 
thrown [s\open\src\hotspot\share\interpreter\linkResolver.cpp, line 796]
Event: 19.041 Thread 0x000001e9005e2a50 Exception <a 'java/lang/NoSuchMethodError'{0x000000070ee1c440}: 'java.lang.Object java.lang.invoke.DirectMethodHandle$Holder.invokeStatic(java.lang.Object, java.lang.Object, int)'> (0x000000070ee1c440) 
thrown [s\open\src\hotspot\share\interpreter\linkResolver.cpp, line 796]
Event: 19.042 Thread 0x000001e9005e2a50 Exception <a 'java/lang/NoSuchMethodError'{0x000000070ee27a20}: 'void java.lang.invoke.DelegatingMethodHandle$Holder.delegate(java.lang.Object, java.lang.Object, int, java.lang.Object)'> (0x000000070ee27a20) 
thrown [s\open\src\hotspot\share\interpreter\linkResolver.cpp, line 796]
Event: 19.056 Thread 0x000001e9005e4b20 Exception <a 'java/lang/NoClassDefFoundError'{0x000000070f1fed30}: jakarta/validation/Validation> (0x000000070f1fed30) 
thrown [s\open\src\hotspot\share\classfile\systemDictionary.cpp, line 302]
Event: 19.100 Thread 0x000001e9005e2a50 Exception <a 'java/lang/IncompatibleClassChangeError'{0x000000070eed9f50}: Found class java.lang.Object, but interface was expected> (0x000000070eed9f50) 
thrown [s\open\src\hotspot\share\interpreter\linkResolver.cpp, line 863]
Event: 26.729 Thread 0x000001e9005e2a50 Exception <a 'java/lang/NoSuchMethodError'{0x000000070d030a48}: 'int java.lang.invoke.DirectMethodHandle$Holder.invokeSpecial(java.lang.Object, java.lang.Object, java.lang.Object, java.lang.Object, java.lang.Object)'> (0x000000070d030a48) 
thrown [s\open\src\hotspot\share\interpreter\linkResolver.cpp, line 796]
Event: 26.739 Thread 0x000001e9005e2a50 Exception <a 'java/lang/NoSuchMethodError'{0x000000070d05f5e0}: 'void java.lang.invoke.DirectMethodHandle$Holder.invokeVirtual(java.lang.Object, java.lang.Object)'> (0x000000070d05f5e0) 
thrown [s\open\src\hotspot\share\interpreter\linkResolver.cpp, line 796]
Event: 28.735 Thread 0x000001e9005e4b20 Exception <a 'java/lang/NoSuchMethodError'{0x000000070cad6410}: 'long java.lang.invoke.DirectMethodHandle$Holder.invokeStatic(java.lang.Object, java.lang.Object)'> (0x000000070cad6410) 
thrown [s\open\src\hotspot\share\interpreter\linkResolver.cpp, line 796]
Event: 28.736 Thread 0x000001e9005e4b20 Exception <a 'java/lang/NoSuchMethodError'{0x000000070cad9510}: 'long java.lang.invoke.DirectMethodHandle$Holder.invokeStaticInit(java.lang.Object, java.lang.Object)'> (0x000000070cad9510) 
thrown [s\open\src\hotspot\share\interpreter\linkResolver.cpp, line 796]
Event: 28.737 Thread 0x000001e9005e4b20 Exception <a 'java/lang/NoSuchMethodError'{0x000000070cb220d8}: 'long java.lang.invoke.DirectMethodHandle$Holder.invokeInterface(java.lang.Object, java.lang.Object)'> (0x000000070cb220d8) 
thrown [s\open\src\hotspot\share\interpreter\linkResolver.cpp, line 796]
Event: 28.737 Thread 0x000001e9005e4b20 Exception <a 'java/lang/IncompatibleClassChangeError'{0x000000070cb25100}: Found class java.lang.Object, but interface was expected> (0x000000070cb25100) 
thrown [s\open\src\hotspot\share\interpreter\linkResolver.cpp, line 863]
Event: 28.826 Thread 0x000001e9005e4b20 Exception <a 'java/lang/NoSuchMethodError'{0x000000070cb3be70}: 'java.lang.Object java.lang.invoke.DirectMethodHandle$Holder.invokeVirtual(java.lang.Object, java.lang.Object, java.lang.Object, java.lang.Object)'> (0x000000070cb3be70) 
thrown [s\open\src\hotspot\share\interpreter\linkResolver.cpp, line 796]

VM Operations (20 events):
Event: 2.145 Executing VM operation: HandshakeAllThreads (Deoptimize)
Event: 2.145 Executing VM operation: HandshakeAllThreads (Deoptimize) done
Event: 2.164 Executing VM operation: G1CollectForAllocation (G1 Evacuation Pause)
Event: 2.174 Executing VM operation: G1CollectForAllocation (G1 Evacuation Pause) done
Event: 7.416 Executing VM operation: HandshakeAllThreads (Deoptimize)
Event: 7.416 Executing VM operation: HandshakeAllThreads (Deoptimize) done
Event: 9.443 Executing VM operation: HandshakeAllThreads (Deoptimize)
Event: 9.443 Executing VM operation: HandshakeAllThreads (Deoptimize) done
Event: 11.384 Executing VM operation: G1CollectForAllocation (G1 Evacuation Pause)
Event: 11.391 Executing VM operation: G1CollectForAllocation (G1 Evacuation Pause) done
Event: 15.231 Executing VM operation: HandshakeAllThreads (Deoptimize)
Event: 15.231 Executing VM operation: HandshakeAllThreads (Deoptimize) done
Event: 18.790 Executing VM operation: HandshakeAllThreads (Deoptimize)
Event: 18.790 Executing VM operation: HandshakeAllThreads (Deoptimize) done
Event: 18.913 Executing VM operation: HandshakeAllThreads (Deoptimize)
Event: 18.913 Executing VM operation: HandshakeAllThreads (Deoptimize) done
Event: 24.978 Executing VM operation: HandshakeAllThreads (Deoptimize)
Event: 24.978 Executing VM operation: HandshakeAllThreads (Deoptimize) done
Event: 26.288 Executing VM operation: HandshakeAllThreads (Deoptimize)
Event: 26.288 Executing VM operation: HandshakeAllThreads (Deoptimize) done

Memory protections (0 events):
No events

Nmethod flushes (0 events):
No events

Events (20 events):
Event: 24.379 Thread 0x000001e9005e1d30 Thread exited: 0x000001e9005e1d30
Event: 24.887 Thread 0x000001e9380745f0 Thread added: 0x000001e9005e23c0
Event: 24.891 Thread 0x000001e9005e23c0 Thread exited: 0x000001e9005e23c0
Event: 25.405 Thread 0x000001e9380745f0 Thread added: 0x000001e9005e1d30
Event: 25.409 Thread 0x000001e9005e1d30 Thread exited: 0x000001e9005e1d30
Event: 25.911 Thread 0x000001e9380745f0 Thread added: 0x000001e9005e30e0
Event: 25.914 Thread 0x000001e9005e30e0 Thread exited: 0x000001e9005e30e0
Event: 26.421 Thread 0x000001e9380745f0 Thread added: 0x000001e9005e1d30
Event: 26.424 Thread 0x000001e9005e1d30 Thread exited: 0x000001e9005e1d30
Event: 26.927 Thread 0x000001e9380745f0 Thread added: 0x000001e9005e1d30
Event: 26.930 Thread 0x000001e9005e1d30 Thread exited: 0x000001e9005e1d30
Event: 27.438 Thread 0x000001e9380745f0 Thread added: 0x000001e9005e4490
Event: 27.443 Thread 0x000001e9005e4490 Thread exited: 0x000001e9005e4490
Event: 27.528 Thread 0x000001e9380833e0 Thread added: 0x000001e901594b10
Event: 27.958 Thread 0x000001e9380745f0 Thread added: 0x000001e9005e6bf0
Event: 27.961 Thread 0x000001e9005e6bf0 Thread exited: 0x000001e9005e6bf0
Event: 28.464 Thread 0x000001e9380745f0 Thread added: 0x000001e9005e6bf0
Event: 28.467 Thread 0x000001e9005e6bf0 Thread exited: 0x000001e9005e6bf0
Event: 28.970 Thread 0x000001e9380745f0 Thread added: 0x000001e9005e23c0
Event: 28.973 Thread 0x000001e9005e23c0 Thread exited: 0x000001e9005e23c0


Dynamic libraries:
0x00007ff600230000 - 0x00007ff60023e000 	C:\Program Files\Java\jdk-23.0.2\bin\java.exe
0x00007fffca1f0000 - 0x00007fffca407000 	C:\windows\SYSTEM32\ntdll.dll
0x00007fffc85b0000 - 0x00007fffc8674000 	C:\windows\System32\KERNEL32.DLL
0x00007fffc7600000 - 0x00007fffc79ad000 	C:\windows\System32\KERNELBASE.dll
0x00007fffc7bf0000 - 0x00007fffc7d01000 	C:\windows\System32\ucrtbase.dll
0x00007fffbcaf0000 - 0x00007fffbcb07000 	C:\Program Files\Java\jdk-23.0.2\bin\jli.dll
0x00007fffbc7b0000 - 0x00007fffbc7cb000 	C:\Program Files\Java\jdk-23.0.2\bin\VCRUNTIME140.dll
0x00007fffc8d30000 - 0x00007fffc8ede000 	C:\windows\System32\USER32.dll
0x00007fffc75d0000 - 0x00007fffc75f6000 	C:\windows\System32\win32u.dll
0x00007fffb47b0000 - 0x00007fffb4a43000 	C:\windows\WinSxS\amd64_microsoft.windows.common-controls_6595b64144ccf1df_6.0.22621.3672_none_2713b9d173822955\COMCTL32.dll
0x00007fffc8540000 - 0x00007fffc8569000 	C:\windows\System32\GDI32.dll
0x00007fffc8ee0000 - 0x00007fffc8f87000 	C:\windows\System32\msvcrt.dll
0x00007fffc7e00000 - 0x00007fffc7f19000 	C:\windows\System32\gdi32full.dll
0x00007fffc79b0000 - 0x00007fffc7a4a000 	C:\windows\System32\msvcp_win.dll
0x00007fffc8570000 - 0x00007fffc85a1000 	C:\windows\System32\IMM32.DLL
0x00007fffc7370000 - 0x00007fffc73aa000 	C:\Program Files\Citrix\HDX\bin\MfApHook.dll
0x00007fffc72b0000 - 0x00007fffc72c0000 	C:\Program Files\Citrix\HDX\bin\FullScreenHook.dll
0x00007fffc80e0000 - 0x00007fffc8192000 	C:\windows\System32\ADVAPI32.dll
0x00007fffca100000 - 0x00007fffca1a9000 	C:\windows\System32\sechost.dll
0x00007fffc7a50000 - 0x00007fffc7a78000 	C:\windows\System32\bcrypt.dll
0x00007fffc8680000 - 0x00007fffc8794000 	C:\windows\System32\RPCRT4.dll
0x00007fffc3210000 - 0x00007fffc321c000 	C:\Program Files\Java\jdk-23.0.2\bin\VCRUNTIME140_1.dll
0x00007fff9a650000 - 0x00007fff9a6de000 	C:\Program Files\Java\jdk-23.0.2\bin\MSVCP140.dll
0x00007fffc6f80000 - 0x00007fffc6fad000 	C:\Program Files\Citrix\HDX\bin\ShellHook.dll
0x00007fffc91f0000 - 0x00007fffc924e000 	C:\windows\System32\SHLWAPI.dll
0x00007fffc6e30000 - 0x00007fffc6f59000 	C:\Program Files\Citrix\HDX\bin\SCardHook.dll
0x00007fffc6d90000 - 0x00007fffc6daf000 	C:\Program Files\Citrix\HDX\bin\CxInjIme.dll
0x00007fffc6d60000 - 0x00007fffc6d88000 	C:\Program Files\Citrix\HDX\bin\PicaWtsHook.dll
0x00007fff7bd10000 - 0x00007fff7ca60000 	C:\Program Files\Java\jdk-23.0.2\bin\server\jvm.dll
0x00007fffc94e0000 - 0x00007fffc9551000 	C:\windows\System32\WS2_32.dll
0x00007fffc73d0000 - 0x00007fffc741d000 	C:\windows\SYSTEM32\POWRPROF.dll
0x00007fffc2200000 - 0x00007fffc2234000 	C:\windows\SYSTEM32\WINMM.dll
0x00007fffc7060000 - 0x00007fffc706a000 	C:\windows\SYSTEM32\VERSION.dll
0x00007fffc73b0000 - 0x00007fffc73c3000 	C:\windows\SYSTEM32\UMPDC.dll
0x00007fffc6150000 - 0x00007fffc6168000 	C:\windows\SYSTEM32\kernel.appcore.dll
0x00007fffbfcd0000 - 0x00007fffbfcda000 	C:\Program Files\Java\jdk-23.0.2\bin\jimage.dll
0x00007fffc4640000 - 0x00007fffc4872000 	C:\windows\SYSTEM32\DBGHELP.DLL
0x00007fffc81b0000 - 0x00007fffc853d000 	C:\windows\System32\combase.dll
0x00007fffc9250000 - 0x00007fffc9327000 	C:\windows\System32\OLEAUT32.dll
0x00007fffa52a0000 - 0x00007fffa52d2000 	C:\windows\SYSTEM32\dbgcore.DLL
0x00007fffc7d10000 - 0x00007fffc7d8b000 	C:\windows\System32\bcryptPrimitives.dll
0x00007fffbc8e0000 - 0x00007fffbc8ef000 	C:\Program Files\Java\jdk-23.0.2\bin\instrument.dll
0x00007fffafa90000 - 0x00007fffafaae000 	C:\Program Files\Java\jdk-23.0.2\bin\java.dll
0x00007fffc9330000 - 0x00007fffc94d5000 	C:\windows\System32\ole32.dll
0x00007fffc9810000 - 0x00007fffca078000 	C:\windows\System32\SHELL32.dll
0x00007fffc4ac0000 - 0x00007fffc53be000 	C:\windows\SYSTEM32\windows.storage.dll
0x00007fffc4880000 - 0x00007fffc49bf000 	C:\windows\SYSTEM32\wintypes.dll
0x00007fffc90f0000 - 0x00007fffc91e9000 	C:\windows\System32\SHCORE.dll
0x00007fffc7440000 - 0x00007fffc7461000 	C:\windows\SYSTEM32\profapi.dll
0x00007fffa4b40000 - 0x00007fffa4b57000 	C:\Program Files\Java\jdk-23.0.2\bin\zip.dll
0x00007fffbc770000 - 0x00007fffbc780000 	C:\Program Files\Java\jdk-23.0.2\bin\net.dll
0x00007fffc65c0000 - 0x00007fffc6629000 	C:\windows\system32\mswsock.dll
0x00007fffa1550000 - 0x00007fffa1566000 	C:\Program Files\Java\jdk-23.0.2\bin\nio.dll
0x00007fffc5a10000 - 0x00007fffc5b08000 	C:\windows\SYSTEM32\DNSAPI.dll
0x00007fffc59e0000 - 0x00007fffc5a0d000 	C:\windows\SYSTEM32\IPHLPAPI.DLL
0x00007fffc80d0000 - 0x00007fffc80d9000 	C:\windows\System32\NSI.dll
0x00007fffc31a0000 - 0x00007fffc31aa000 	C:\Windows\System32\rasadhlp.dll
0x00007fffc2840000 - 0x00007fffc28c3000 	C:\windows\System32\fwpuclnt.dll
0x00007fffb8800000 - 0x00007fffb880a000 	C:\Program Files\Java\jdk-23.0.2\bin\management.dll
0x00007fffa1400000 - 0x00007fffa141a000 	C:\Program Files\JetBrains\IntelliJ IDEA 2024.3.3\bin\breakgen64.dll
0x00007fffa9bd0000 - 0x00007fffa9bdb000 	C:\Program Files\Java\jdk-23.0.2\bin\management_ext.dll
0x00007fffc88a0000 - 0x00007fffc88a8000 	C:\windows\System32\PSAPI.DLL
0x00007fffa1540000 - 0x00007fffa1549000 	C:\Program Files\Java\jdk-23.0.2\bin\extnet.dll
0x00007fffc6820000 - 0x00007fffc683b000 	C:\windows\SYSTEM32\CRYPTSP.dll
0x00007fffc60b0000 - 0x00007fffc60e5000 	C:\windows\system32\rsaenh.dll
0x00007fffc66c0000 - 0x00007fffc66e8000 	C:\windows\SYSTEM32\USERENV.dll
0x00007fffc6840000 - 0x00007fffc684c000 	C:\windows\SYSTEM32\CRYPTBASE.dll
0x00007fffbe0e0000 - 0x00007fffbe0f7000 	C:\windows\system32\napinsp.dll
0x00007fffbe100000 - 0x00007fffbe11b000 	C:\windows\system32\pnrpnsp.dll
0x00007fffbe120000 - 0x00007fffbe131000 	C:\windows\System32\winrnr.dll
0x00007fffbe140000 - 0x00007fffbe155000 	C:\windows\system32\wshbth.dll
0x00007fffbe160000 - 0x00007fffbe187000 	C:\windows\system32\nlansp_c.dll
0x00007fffa4a10000 - 0x00007fffa4a69000 	C:\windows\SYSTEM32\pdh.dll
0x00007fff9f7f0000 - 0x00007fff9f801000 	C:\windows\System32\perfproc.dll
0x00007fffa1520000 - 0x00007fffa152e000 	C:\Program Files\Java\jdk-23.0.2\bin\sunmscapi.dll
0x00007fffc7a80000 - 0x00007fffc7be7000 	C:\windows\System32\CRYPT32.dll
0x00007fffc6a50000 - 0x00007fffc6a7e000 	C:\windows\SYSTEM32\ncrypt.dll
0x00007fffc6a10000 - 0x00007fffc6a47000 	C:\windows\SYSTEM32\NTASN1.dll

dbghelp: loaded successfully - version: 4.0.5 - missing functions: none
symbol engine: initialized successfully - sym options: 0x614 - pdb path: .;C:\Program Files\Java\jdk-23.0.2\bin;C:\windows\SYSTEM32;C:\windows\WinSxS\amd64_microsoft.windows.common-controls_6595b64144ccf1df_6.0.22621.3672_none_2713b9d173822955;C:\Program Files\Citrix\HDX\bin;C:\Program Files\Java\jdk-23.0.2\bin\server;C:\Program Files\JetBrains\IntelliJ IDEA 2024.3.3\bin

VM Arguments:
jvm_args: -XX:TieredStopAtLevel=1 -Dspring.output.ansi.enabled=always -Dcom.sun.management.jmxremote -Dspring.jmx.enabled=true -Dspring.liveBeansView.mbeanDomain -Dspring.application.admin.enabled=true -Dmanagement.endpoints.jmx.exposure.include=* -javaagent:C:\Program Files\JetBrains\IntelliJ IDEA 2024.3.3\lib\idea_rt.jar=57323:C:\Program Files\JetBrains\IntelliJ IDEA 2024.3.3\bin -Dfile.encoding=UTF-8 -Dsun.stdout.encoding=UTF-8 -Dsun.stderr.encoding=UTF-8 
java_command: com.example.demo.DemoApplication
java_class_path (initial): D:\intellij_ws\demo\build\classes\java\main;D:\intellij_ws\demo\build\resources\main;C:\Users\86745\.gradle\caches\modules-2\files-2.1\org.projectlombok\lombok\1.18.36\5a30490a6e14977d97d9c73c924c1f1b5311ea95\lombok-1.18.36.jar;C:\Users\86745\.gradle\caches\modules-2\files-2.1\commons-fileupload\commons-fileupload\1.3.1\c621b54583719ac0310404463d6d99db27e1052c\commons-fileupload-1.3.1.jar;C:\Users\86745\.gradle\caches\modules-2\files-2.1\commons-io\commons-io\2.4\b1b6ea3b7e4aa4f492509a4952029cd8e48019ad\commons-io-2.4.jar;C:\Users\86745\.gradle\caches\modules-2\files-2.1\org.springframework.boot\spring-boot-starter-data-jpa\3.4.3\29c90fec6e887dc01df09ea4c3548b5a04b7afb4\spring-boot-starter-data-jpa-3.4.3.jar;C:\Users\86745\.gradle\caches\modules-2\files-2.1\org.springframework.boot\spring-boot-starter-thymeleaf\3.4.3\6bbf0643625e924632407b3b659c2a1bbff0bd4e\spring-boot-starter-thymeleaf-3.4.3.jar;C:\Users\86745\.gradle\caches\modules-2\files-2.1\org.springframework.boot\spring-boot-starter-web\3.4.3\87e7a401e7d249fefc7f372f5681e8620234624c\spring-boot-starter-web-3.4.3.jar;C:\Users\86745\.gradle\caches\modules-2\files-2.1\org.springframework.boot\spring-boot-starter-security\3.4.3\b474a2f9fdd7e46cfb662b13bb38d9da9e7682d0\spring-boot-starter-security-3.4.3.jar;C:\Users\86745\.gradle\caches\modules-2\files-2.1\org.thymeleaf.extras\thymeleaf-extras-springsecurity6\3.1.3.RELEASE\f2a9e9505b145d22a52047460c74fb8200f2cb23\thymeleaf-extras-springsecurity6-3.1.3.RELEASE.jar;C:\Users\86745\.gradle\caches\modules-2\files-2.1\org.springframework.boot\spring-boot-starter-jdbc\3.4.3\87c09bd67ea27fcd30d6413fdbc5bfa1f688e5e8\spring-boot-starter-jdbc-3.4.3.jar;C:\Users\86745\.gradle\caches\modules-2\files-2.1\org.springframework.boot\spring-boot-starter\3.4.3\247fdc05cd6de013c3fd26628fa221dd095b391\spring-boot-starter-3.4.3.jar;C:\Users\86745\.gradle\caches\modules-2\files-2.1\org.hibernate.orm\hibernate-core\6.6.8.Final\2738c642d5e505249faa2f923e03541aa6b96916\hibernate-core-6.6.8.Final.jar;C:\Users\86745\.gradle\caches\modules-2\files-2.1\org.springframework.data\spring-data-jpa\3.4.3\7e4c0e9c14f4d971a9de6aff3c9beece2001480b\spring-data-jpa-3.4.3.jar;C:\Users\86745\.gradle\caches\modules-2\files-2.1\org.springframework\spring-aspects\6.2.3\f90a794dd3f81a1addc0552bc091e3f85b2428de\spring-aspects-6.2.3.jar;C:\Users\86745\.gradle\caches\modules-2\files-2.1\org.thymeleaf\thymeleaf-spring6\3.1.3.RELEASE\4b276ea2bd536a18e44b40ff1d9f4848965ff59c\thymeleaf-spring6-3.1.3.RELEASE.jar;C:\Users\86745\.gradle\caches\modules-2\files-2.1\org.springframework.boot\spring-boot-starter-json\3.4.3\7a4d63165404da67ed3802678994c21a0763723\spring-boot-starter-json-3.4.3.jar;C:\Users\86745\.gradle\caches\modules-2\files-2.1\org.springframework.boot\spring-boot-starter-tomcat\3.4.3\40246b02bf8bf905dd5fb3d57f48bfc2c9b49bb9\spring-boot-starter-tomcat-3.4.3.jar;C:\Users\86745\.gradle\caches\modules-2\files-2.1\org.springframework\spring-webmvc\6.2.3\485f6e351bba471fc8f841f39eaf6488896369ff\spring-webmvc-6.2.3.jar;C:\Users\86745\.gradle\caches\modules-2\files-2.1\org.springframework\spring-web\6.2.3\662ac5ee41af27d183f97032b2fec2b652d379f5\spring-web-6.2.3.jar;C:\Users\86745\.gradle\caches\modules-2\files-2.1\org.springframework.security\spring-security-web\6.4.3\7e0887e8fccda083d8bb4abb58997909480ea4a0\spring-security-web-6.4.3.jar;C:\Users\86745\.gradle\caches\modules-2\files-2.1\org.springframework.security\spring-security-config\6.4.3\52d7cedfde4f9a4e78f27b754e8be89ec25e871\spring-security-config-6.4.3.jar;C:\Users\86745\.gradle\caches\modules-2\files-2.1\org.springframework\spring-aop\6.2.3\7983418fa64505d144b60826fb1352ad336c60a0\spring-aop-6.2.3.jar;C:\Users\86745\.gradle\caches\modules-2\files-2.1\org.slf4j\slf4j-api\2.0.16\172931663a09a1fa515567af5fbef00897d3c04\slf4j-api-2.0.16.jar;C:\Users\86745\.gradle\caches\modules-2\files-2.1\com.zaxxer\HikariCP\5.1.0\8c96e36c14461fc436bb02b264b96ef3ca5dca8c\HikariCP-5.1.0.jar;C:\Users\86745\.gradle\caches\modules-2\files-2.1\org.springframework\spring-jdbc\6.2.3\37a5f7fd424fe555a556138c8ac4f8d6dd312c19\spring-jdbc-6.2.3.jar;C:\Users\86745\.gradle\caches\modules-2\files-2.1\org.springframework.boot\spring-boot-autoconfigure\3.4.3\6172c599082196b340910d67c5c790c32f10e417\spring-boot-autoconfigure-3.4.3.jar;C:\Users\86745\.gradle\caches\modules-2\files-2.1\org.springframework.boot\spring-boot\3.4.3\a7138bcecd59ed27660b3894a7812d65db4951e6\spring-boot-3.4.3.jar;C:\Users\86745\.gradle\caches\modules-2\files-2.1\org.springframework.boot\spring-boot-starter-logging\3.4.3\e5aee6af32c2dbcc9fb379bcd6c5e5b931db93f1\spring-boot-starter-logging-3.4.3.jar;C:\Users\86745\.gradle\caches\modules-2\files-2.1\jakarta.annotation\jakarta.annotation-api\2.1.1\48b9bda22b091b1f48b13af03fe36db3be6e1ae3\jakarta.annotation-api-2.1.1.jar;C:\Users\86745\.gradle\caches\modules-2\files-2.1\org.springframework\spring-core\6.2.3\13ec11e345b915d7ceea37446f1b1eefdcaad62c\spring-core-6.2.3.jar;C:\Users\86745\.gradle\caches\modules-2\files-2.1\org.yaml\snakeyaml\2.3\936b36210e27320f920536f695cf1af210c44586\snakeyaml-2.3.jar;C:\Users\86745\.gradle\caches\modules-2\files-2.1\jakarta.persistence\jakarta.persistence-api\3.1.0\66901fa1c373c6aff65c13791cc11da72060a8d6\jakarta.persistence-api-3.1.0.jar;C:\Users\86745\.gradle\caches\modules-2\files-2.1\jakarta.transaction\jakarta.transaction-api\2.0.1\51a520e3fae406abb84e2e1148e6746ce3f80a1a\jakarta.transaction-api-2.0.1.jar;C:\Users\86745\.gradle\caches\modules-2\files-2.1\org.springframework\spring-context\6.2.3\35acadc000b8aaff77e3412dd9acb51aa70c8515\spring-context-6.2.3.jar;C:\Users\86745\.gradle\caches\modules-2\files-2.1\org.springframework.data\spring-data-commons\3.4.3\2b61ff4aef4a81071ce7eaf1ec29ef9e553bf930\spring-data-commons-3.4.3.jar;C:\Users\86745\.gradle\caches\modules-2\files-2.1\org.springframework\spring-orm\6.2.3\b99b9917702591c2ef0cfa7a9bff6bf757015437\spring-orm-6.2.3.jar;C:\Users\86745\.gradle\caches\modules-2\files-2.1\org.springframework\spring-tx\6.2.3\29c8703a756f9a41bc8e14e2aae7890658c54abf\spring-tx-6.2.3.jar;C:\Users\86745\.gradle\caches\modules-2\files-2.1\org.springframework\spring-beans\6.2.3\de660324c90e9b015886d85c746860478fa7d99c\spring-beans-6.2.3.jar;C:\Users\86745\.gradle\caches\modules-2\files-2.1\org.antlr\antlr4-runtime\4.13.0\5a02e48521624faaf5ff4d99afc88b01686af655\antlr4-runtime-4.13.0.jar;C:\Users\86745\.gradle\caches\modules-2\files-2.1\org.aspectj\aspectjweaver\1.9.22.1\bca243d0af0db4758fbae45c5f4995cb5dabb612\aspectjweaver-1.9.22.1.jar;C:\Users\86745\.gradle\caches\modules-2\files-2.1\org.thymeleaf\thymeleaf\3.1.3.RELEASE\51474f2a90b282ee97dabcd159c7faf24790f373\thymeleaf-3.1.3.RELEASE.jar;C:\Users\86745\.gradle\caches\modules-2\files-2.1\com.fasterxml.jackson.datatype\jackson-datatype-jsr310\2.18.2\7b6ff96adf421f4c6edbd694e797dd8fe434510a\jackson-datatype-jsr310-2.18.2.jar;C:\Users\86745\.gradle\caches\modules-2\files-2.1\com.fasterxml.jackson.module\jackson-module-parameter-names\2.18.2\72960cb3277347a748911d100c3302d60e8a616a\jackson-module-parameter-names-2.18.2.jar;C:\Users\86745\.gradle\caches\modules-2\files-2.1\com.fasterxml.jackson.datatype\jackson-datatype-jdk8\2.18.2\9ed6d538ebcc66864e114a7040953dce6ab6ea53\jackson-datatype-jdk8-2.18.2.jar;C:\Users\86745\.gradle\caches\modules-2\files-2.1\com.fasterxml.jackson.core\jackson-databind\2.18.2\deef8697b92141fb6caf7aa86966cff4eec9b04f\jackson-databind-2.18.2.jar;C:\Users\86745\.gradle\caches\modules-2\files-2.1\org.apache.tomcat.embed\tomcat-embed-websocket\10.1.36\222960bc8895aa543e405382094c7fb118544d0d\tomcat-embed-websocket-10.1.36.jar;C:\Users\86745\.gradle\caches\modules-2\files-2.1\org.apache.tomcat.embed\tomcat-embed-core\10.1.36\3ccaa558e32e317e35d6674d65d7d9aa182e082f\tomcat-embed-core-10.1.36.jar;C:\Users\86745\.gradle\caches\modules-2\files-2.1\org.apache.tomcat.embed\tomcat-embed-el\10.1.36\4e4235a18244af30bb32d9b5a9400fb8edb3bc20\tomcat-embed-el-10.1.36.jar;C:\Users\86745\.gradle\caches\modules-2\files-2.1\org.springframework\spring-expression\6.2.3\bda43c7be1bb69cce2a380c2bbaf05062631d42d\spring-expression-6.2.3.jar;C:\Users\86745\.gradle\caches\modules-2\files-2.1\io.micrometer\micrometer-observation\1.14.4\c17efe9e6695a0a849a95d0e77422516a345e779\micrometer-observation-1.14.4.jar;C:\Users\86745\.gradle\caches\modules-2\files-2.1\org.springframework.security\spring-security-core\6.4.3\3023090cb32ecfe266726edc498ae8cb112f4e7f\spring-security-core-6.4.3.jar;C:\Users\86745\.gradle\caches\modules-2\files-2.1\ch.qos.logback\logback-classic\1.5.16\113979db51dfad6dc895b34460d7b7ff64ffe7d2\logback-classic-1.5.16.jar;C:\Users\86745\.gradle\caches\modules-2\files-2.1\org.apache.logging.log4j\log4j-to-slf4j\2.24.3\da1143e2a2531ee1c2d90baa98eb50a28a39d5a7\log4j-to-slf4j-2.24.3.jar;C:\Users\86745\.gradle\caches\modules-2\files-2.1\org.slf4j\jul-to-slf4j\2.0.16\6d57da3e961daac65bcca0dd3def6cd11e48a24a\jul-to-slf4j-2.0.16.jar;C:\Users\86745\.gradle\caches\modules-2\files-2.1\org.springframework\spring-jcl\6.2.3\ce8bf55aa240fdeab07b3da1f462c79112a33aff\spring-jcl-6.2.3.jar;C:\Users\86745\.gradle\caches\modules-2\files-2.1\org.attoparser\attoparser\2.0.7.RELEASE\e5d0e988d9124139d645bb5872b24dfa23e283cc\attoparser-2.0.7.RELEASE.jar;C:\Users\86745\.gradle\caches\modules-2\files-2.1\org.unbescape\unbescape\1.1.6.RELEASE\7b90360afb2b860e09e8347112800d12c12b2a13\unbescape-1.1.6.RELEASE.jar;C:\Users\86745\.gradle\caches\modules-2\files-2.1\com.fasterxml.jackson.core\jackson-annotations\2.18.2\985d77751ebc7fce5db115a986bc9aa82f973f4a\jackson-annotations-2.18.2.jar;C:\Users\86745\.gradle\caches\modules-2\files-2.1\com.fasterxml.jackson.core\jackson-core\2.18.2\fb64ccac5c27dca8819418eb4e443a9f496d9ee7\jackson-core-2.18.2.jar;C:\Users\86745\.gradle\caches\modules-2\files-2.1\io.micrometer\micrometer-commons\1.14.4\3664f95586514d8f9adc81a5f7a5ef9f66b65599\micrometer-commons-1.14.4.jar;C:\Users\86745\.gradle\caches\modules-2\files-2.1\org.springframework.security\spring-security-crypto\6.4.3\157bf3d0173f12882938e244ba5c1359d72908d9\spring-security-crypto-6.4.3.jar;C:\Users\86745\.gradle\caches\modules-2\files-2.1\ch.qos.logback\logback-core\1.5.16\4f17700f046900aea2fadf115e2d67fec921f7fd\logback-core-1.5.16.jar;C:\Users\86745\.gradle\caches\modules-2\files-2.1\org.apache.logging.log4j\log4j-api\2.24.3\b02c125db8b6d295adf72ae6e71af5d83bce2370\log4j-api-2.24.3.jar;C:\Users\86745\.gradle\caches\modules-2\files-2.1\org.springframework.boot\spring-boot-devtools\3.4.3\2ff7eda01cc1f445ddf1cc4a18fc4950634dbb33\spring-boot-devtools-3.4.3.jar;C:\Users\86745\.gradle\caches\modules-2\files-2.1\org.mariadb.jdbc\mariadb-java-client\3.4.1\7599bff3a38ae943d8e055848b3fe943772b12c9\mariadb-java-client-3.4.1.jar;C:\Users\86745\.gradle\caches\modules-2\files-2.1\com.github.waffle\waffle-jna\3.3.0\6c1a06b345702bb1dfd77006af926b091bded851\waffle-jna-3.3.0.jar;C:\Users\86745\.gradle\caches\modules-2\files-2.1\org.jboss.logging\jboss-logging\3.6.1.Final\886afbb445b4016a37c8960a7aef6ebd769ce7e5\jboss-logging-3.6.1.Final.jar;C:\Users\86745\.gradle\caches\modules-2\files-2.1\org.hibernate.common\hibernate-commons-annotations\7.0.3.Final\e183c4be8bb41d12e9f19b374e00c34a0a85f439\hibernate-commons-annotations-7.0.3.Final.jar;C:\Users\86745\.gradle\caches\modules-2\files-2.1\io.smallrye\jandex\3.2.0\f17ad860f62a08487b9edabde608f8ac55c62fa7\jandex-3.2.0.jar;C:\Users\86745\.gradle\caches\modules-2\files-2.1\com.fasterxml\classmate\1.7.0\e98374da1f2143ac8e6e0a95036994bb19137a3\classmate-1.7.0.jar;C:\Users\86745\.gradle\caches\modules-2\files-2.1\net.bytebuddy\byte-buddy\1.15.11\f61886478e0f9ee4c21d09574736f0ff45e0a46c\byte-buddy-1.15.11.jar;C:\Users\86745\.gradle\caches\modules-2\files-2.1\org.glassfish.jaxb\jaxb-runtime\4.0.5\ca84c2a7169b5293e232b9d00d1e4e36d4c3914a\jaxb-runtime-4.0.5.jar;C:\Users\86745\.gradle\caches\modules-2\files-2.1\jakarta.xml.bind\jakarta.xml.bind-api\4.0.2\6cd5a999b834b63238005b7144136379dc36cad2\jakarta.xml.bind-api-4.0.2.jar;C:\Users\86745\.gradle\caches\modules-2\files-2.1\jakarta.inject\jakarta.inject-api\2.0.1\4c28afe1991a941d7702fe1362c365f0a8641d1e\jakarta.inject-api-2.0.1.jar;C:\Users\86745\.gradle\caches\modules-2\files-2.1\org.slf4j\jcl-over-slf4j\2.0.16\9d08badad22f1ac07deac9188ade596472a2bfd9\jcl-over-slf4j-2.0.16.jar;C:\Users\86745\.gradle\caches\modules-2\files-2.1\net.java.dev.jna\jna-platform\5.13.0\88e9a306715e9379f3122415ef4ae759a352640d\jna-platform-5.13.0.jar;C:\Users\86745\.gradle\caches\modules-2\files-2.1\net.java.dev.jna\jna\5.13.0\1200e7ebeedbe0d10062093f32925a912020e747\jna-5.13.0.jar;C:\Users\86745\.gradle\caches\modules-2\files-2.1\com.github.ben-manes.caffeine\caffeine\3.1.8\24795585df8afaf70a2cd534786904ea5889c047\caffeine-3.1.8.jar;C:\Users\86745\.gradle\caches\modules-2\files-2.1\org.checkerframework\checker-qual\3.37.0\ba74746d38026581c12166e164bb3c15e90cc4ea\checker-qual-3.37.0.jar;C:\Users\86745\.gradle\caches\modules-2\files-2.1\org.glassfish.jaxb\jaxb-core\4.0.5\7b4b11ea5542eea4ad55e1080b23be436795b3\jaxb-core-4.0.5.jar;C:\Users\86745\.gradle\caches\modules-2\files-2.1\jakarta.activation\jakarta.activation-api\2.1.3\fa165bd70cda600368eee31555222776a46b881f\jakarta.activation-api-2.1.3.jar;C:\Users\86745\.gradle\caches\modules-2\files-2.1\com.google.errorprone\error_prone_annotations\2.21.1\6d9b10773b5237df178a7b3c1b4208df7d0e7f94\error_prone_annotations-2.21.1.jar;C:\Users\86745\.gradle\caches\modules-2\files-2.1\org.eclipse.angus\angus-activation\2.0.2\41f1e0ddd157c856926ed149ab837d110955a9fc\angus-activation-2.0.2.jar;C:\Users\86745\.gradle\caches\modules-2\files-2.1\org.glassfish.jaxb\txw2\4.0.5\f36a4ef12120a9bb06d766d6a0e54b144fd7ed98\txw2-4.0.5.jar;C:\Users\86745\.gradle\caches\modules-2\files-2.1\com.sun.istack\istack-commons-runtime\4.1.2\18ec117c85f3ba0ac65409136afa8e42bc74e739\istack-commons-runtime-4.1.2.jar
Launcher Type: SUN_STANDARD

[Global flags]
     intx CICompilerCount                          = 4                                         {product} {ergonomic}
     uint ConcGCThreads                            = 2                                         {product} {ergonomic}
     uint G1ConcRefinementThreads                  = 8                                         {product} {ergonomic}
   size_t G1HeapRegionSize                         = 2097152                                   {product} {ergonomic}
   size_t InitialHeapSize                          = 268435456                                 {product} {ergonomic}
     bool ManagementServer                         = true                                      {product} {command line}
   size_t MarkStackSize                            = 4194304                                   {product} {ergonomic}
   size_t MarkStackSizeMax                         = 536870912                                 {product} {ergonomic}
   size_t MaxHeapSize                              = 4294967296                                {product} {ergonomic}
   size_t MaxNewSize                               = 2575302656                                {product} {ergonomic}
   size_t MinHeapDeltaBytes                        = 2097152                                   {product} {ergonomic}
   size_t MinHeapSize                              = 8388608                                   {product} {ergonomic}
    uintx NonNMethodCodeHeapSize                   = 4096                                   {pd product} {ergonomic}
    uintx NonProfiledCodeHeapSize                  = 0                                      {pd product} {ergonomic}
     bool ProfileInterpreter                       = false                                  {pd product} {command line}
    uintx ProfiledCodeHeapSize                     = 0                                      {pd product} {ergonomic}
   size_t SoftMaxHeapSize                          = 4294967296                             {manageable} {ergonomic}
     intx TieredStopAtLevel                        = 1                                         {product} {command line}
     bool UseCompressedOops                        = true                           {product lp64_product} {ergonomic}
     bool UseG1GC                                  = true                                      {product} {ergonomic}
     bool UseLargePagesIndividualAllocation        = false                                  {pd product} {ergonomic}

Logging:
Log output configuration:
 #0: stdout all=warning uptime,level,tags foldmultilines=false
 #1: stderr all=off uptime,level,tags foldmultilines=false

Environment Variables:
JAVA_HOME=C:\Program Files\Java\jdk-23.0.2
PATH=C:\windows\system32;C:\windows;C:\windows\System32\Wbem;C:\windows\System32\WindowsPowerShell\v1.0\;C:\windows\System32\OpenSSH\;C:\Program Files (x86)\Citrix\HDX\bin\;C:\Program Files\Citrix\HDX\bin\;C:\Program Files\Java\jdk-23.0.2\bin;C:\Program Files\MariaDB\bin;C:\Program Files\Git\cmd;C:\Users\86745\AppData\Local\Microsoft\WindowsApps;C:\Users\86745\AppData\Local\Programs\Microsoft VS Code\bin;C:\Program Files\JetBrains\IntelliJ IDEA 2024.3.3\bin;
USERNAME=86745
OS=Windows_NT
PROCESSOR_IDENTIFIER=AMD64 Family 25 Model 1 Stepping 1, AuthenticAMD
TMP=C:\Users\86745\AppData\Local\Temp
TEMP=C:\Users\86745\AppData\Local\Temp




Periodic native trim disabled

---------------  S Y S T E M  ---------------

OS:
 Windows 11 , 64 bit Build 22621 (10.0.22621.3958)
OS uptime: 8 days 2:48 hours
KVM virtualization detected

CPU: total 8 (initial active 8) (8 cores per cpu, 2 threads per core) family 25 model 1 stepping 1 microcode 0x0, cx8, cmov, fxsr, ht, mmx, 3dnowpref, sse, sse2, sse3, ssse3, sse4a, sse4.1, sse4.2, popcnt, lzcnt, tsc, avx, avx2, aes, clmul, bmi1, bmi2, adx, sha, fma, vzeroupper, clflush, clflushopt, hv, rdtscp, rdpid, f16c, pku
Processor Information for the first 8 processors :
  Max Mhz: 2296, Current Mhz: 2296, Mhz Limit: 2296

Memory: 4k page, system-wide physical 16377M (2002M free)
TotalPageFile size 16377M (AvailPageFile size 5M)
current process WorkingSet (physical memory assigned to process): 151M, peak: 151M
current process commit charge ("private bytes"): 388M, peak: 388M

vm_info: OpenJDK 64-Bit Server VM (23.0.2+7-58) for windows-amd64 JRE (23.0.2+7-58), built on 2024-11-29T09:34:55Z with MS VC++ 17.6 (VS2022)

END.
